#
# A fatal error has been detected by the Java Runtime Environment:
#
#  SIGSEGV (0xb) at pc=0x00007fff7a39e05c, pid=49450, tid=0x000000000000fa13
#
# JRE version: Java(TM) SE Runtime Environment (8.0_161-b12) (build 1.8.0_161-b12)
# Java VM: Java HotSpot(TM) 64-Bit Server VM (25.161-b12 mixed mode bsd-amd64 compressed oops)
# Problematic frame:
# C  [libsystem_platform.dylib+0x505c]  _platform_memmove$VARIANT$Haswell+0x13c
#
# Failed to write core dump. Core dumps have been disabled. To enable core dumping, try "ulimit -c unlimited" before starting Java again
#
# If you would like to submit a bug report, please visit:
#   http://bugreport.java.com/bugreport/crash.jsp
# The crash happened outside the Java Virtual Machine in native code.
# See problematic frame for where to report the bug.
#

---------------  T H R E A D  ---------------

Current thread (0x00007fa944dfd800):  JavaThread "pool-247-thread-1-ScalaTest-running-BanditUpdaterSuite" [_thread_in_native, id=64019, stack(0x00007000114cb000,0x00007000115cb000)]

siginfo: si_signo: 11 (SIGSEGV), si_code: 1 (SEGV_MAPERR), si_addr: 0x000000012e617000

Registers:
RAX=0x00007fa956be9202, RBX=0x000000012e6153a8, RCX=0x000000000000001e, RDX=0x00000000000015a2
RSP=0x00007000115c5bb0, RBP=0x00007000115c5bb0, RSI=0x000000012e616ff7, RDI=0x00007fa956beae20
R8 =0x00007fa946849000, R9 =0x0000000000008002, R10=0x00007fa946800000, R11=0x00007fa8285d3e29
R12=0x00000000e267fc24, R13=0x0000000081000000, R14=0x00000000f1000001, R15=0x0000000000003200
RIP=0x00007fff7a39e05c, EFLAGS=0x0000000000010202, ERR=0x0000000000000004
  TRAPNO=0x000000000000000e

Top of Stack: (sp=0x00007000115c5bb0)
0x00007000115c5bb0:   00007000115c5c20 000000010d9d705f
0x00007000115c5bc0:   0000000044dfd9f8 0000000000000032
0x00007000115c5bd0:   0000000000000000 00007fa947861be0
0x00007000115c5be0:   0000000000000003 00007fa961f5b7e0
0x00007000115c5bf0:   00007fa947886840 00007fa961f5b7e0
0x00007000115c5c00:   00007fa946ac9600 0000000000000040
0x00007000115c5c10:   00000000c4d145a6 00007fa9475d8440
0x00007000115c5c20:   00007000115c5c80 000000010d9d752d
0x00007000115c5c30:   00007000115c5cba 00007000115c5cb9
0x00007000115c5c40:   0000001a00000000 0000001b01dfd800
0x00007000115c5c50:   00007000115c5c9e 00007000115c60e8
0x00007000115c5c60:   000000000000001b 00007000115c5c9e
0x00007000115c5c70:   00007fa961f5b7e0 00007fa944dfd9f8
0x00007000115c5c80:   00007000115c60d0 000000010d9d6238
0x00007000115c5c90:   0000000100000000 6564700000000001
0x00007000115c5ca0:   65722d746c756166 6d2d657669746361
0x00007000115c5cb0:   6e6f632e6f676e6f 00007fa900000066
0x00007000115c5cc0:   000000064c325e88 00000007c004dbb8
0x00007000115c5cd0:   0000000000000000 00007000115c6450
0x00007000115c5ce0:   0000000000000000 00007000115c6450
0x00007000115c5cf0:   0000000119c4e538 0000000119c4dbd0
0x00007000115c5d00:   00007fa900000000 00000000c99c854f
0x00007000115c5d10:   00007000115c6450 00007fa944dfd800
0x00007000115c5d20:   0000000100000000 00007000115c6590
0x00007000115c5d30:   00007000115c6540 00007fa944dfd800
0x00007000115c5d40:   0000000000000003 00000001148c593b
0x00007000115c5d50:   0000000000000018 0000000000000015
0x00007000115c5d60:   00007000115c5e60 000000010ef39095
0x00007000115c5d70:   00007000115c6500 e0484d37000018b5
0x00007000115c5d80:   00007000115c5da0 000000010ee70a7e
0x00007000115c5d90:   00007000115c6520 00007000115c5e58
0x00007000115c5da0:   00007000115c5dc0 000000010ee6b3c4 

Instructions: (pc=0x00007fff7a39e05c)
0x00007fff7a39e03c:   40 48 81 ea 80 00 00 00 76 5a 48 f7 c6 1f 00 00
0x00007fff7a39e04c:   00 74 31 c5 fc 29 0f c5 fc 29 57 20 48 83 c7 40
0x00007fff7a39e05c:   c5 fc 10 0e c5 fc 10 56 20 48 83 c6 40 48 83 ea
0x00007fff7a39e06c:   40 77 e0 eb 2f 66 66 66 66 66 66 2e 0f 1f 84 00 

Register to memory mapping:

RAX=0x00007fa956be9202 is an unknown value
RBX=0x000000012e6153a8 is an unknown value
RCX=0x000000000000001e is an unknown value
RDX=0x00000000000015a2 is an unknown value
RSP=0x00007000115c5bb0 is pointing into the stack for thread: 0x00007fa944dfd800
RBP=0x00007000115c5bb0 is pointing into the stack for thread: 0x00007fa944dfd800
RSI=0x000000012e616ff7 is an unknown value
RDI=0x00007fa956beae20 is an unknown value
R8 =0x00007fa946849000 is an unknown value
R9 =0x0000000000008002 is an unknown value
R10=0x00007fa946800000 is an unknown value
R11=0x00007fa8285d3e29 is an unknown value
R12=0x00000000e267fc24 is an unknown value
R13=0x0000000081000000 is an unknown value
R14=0x00000000f1000001 is an unknown value
R15=0x0000000000003200 is an unknown value


Stack: [0x00007000114cb000,0x00007000115cb000],  sp=0x00007000115c5bb0,  free space=1002k
Native frames: (J=compiled Java code, j=interpreted, Vv=VM code, C=native code)
C  [libsystem_platform.dylib+0x505c]  _platform_memmove$VARIANT$Haswell+0x13c
C  [libzip.dylib+0x305f]  newEntry+0x321
C  [libzip.dylib+0x352d]  ZIP_GetEntry2+0xd4
C  [libzip.dylib+0x2238]  Java_java_util_zip_ZipFile_getEntry+0xcf
J 108  java.util.zip.ZipFile.getEntry(J[BZ)J (0 bytes) @ 0x0000000114d31b8e [0x0000000114d31ac0+0xce]
J 3961 C2 java.util.zip.ZipFile.getEntry(Ljava/lang/String;)Ljava/util/zip/ZipEntry; (101 bytes) @ 0x0000000115679028 [0x0000000115678cc0+0x368]
J 11609 C1 sun.net.www.protocol.jar.URLJarFile.getEntry(Ljava/lang/String;)Ljava/util/zip/ZipEntry; (69 bytes) @ 0x00000001165d08f4 [0x00000001165d0820+0xd4]
J 11606 C1 sun.net.www.protocol.jar.JarURLConnection.connect()V (163 bytes) @ 0x00000001165cce34 [0x00000001165cc780+0x6b4]
j  com.typesafe.config.impl.Parseable$ParseableURL.reader(Lcom/typesafe/config/ConfigParseOptions;)Ljava/io/Reader;+59
j  com.typesafe.config.impl.Parseable.rawParseValue(Lcom/typesafe/config/ConfigOrigin;Lcom/typesafe/config/ConfigParseOptions;)Lcom/typesafe/config/impl/AbstractConfigValue;+2
j  com.typesafe.config.impl.Parseable.parseValue(Lcom/typesafe/config/ConfigOrigin;Lcom/typesafe/config/ConfigParseOptions;)Lcom/typesafe/config/impl/AbstractConfigValue;+3
j  com.typesafe.config.impl.Parseable.parseValue(Lcom/typesafe/config/ConfigParseOptions;)Lcom/typesafe/config/impl/AbstractConfigValue;+32
j  com.typesafe.config.impl.Parseable.parseValue()Lcom/typesafe/config/impl/AbstractConfigValue;+5
j  com.typesafe.config.impl.Parseable$ParseableResources.rawParseValue(Lcom/typesafe/config/ConfigOrigin;Lcom/typesafe/config/ConfigParseOptions;)Lcom/typesafe/config/impl/AbstractConfigObject;+205
j  com.typesafe.config.impl.Parseable$ParseableResources.rawParseValue(Lcom/typesafe/config/ConfigOrigin;Lcom/typesafe/config/ConfigParseOptions;)Lcom/typesafe/config/impl/AbstractConfigValue;+3
j  com.typesafe.config.impl.Parseable.parseValue(Lcom/typesafe/config/ConfigOrigin;Lcom/typesafe/config/ConfigParseOptions;)Lcom/typesafe/config/impl/AbstractConfigValue;+3
j  com.typesafe.config.impl.Parseable.parseValue(Lcom/typesafe/config/ConfigParseOptions;)Lcom/typesafe/config/impl/AbstractConfigValue;+32
j  com.typesafe.config.impl.Parseable.parse()Lcom/typesafe/config/ConfigObject;+5
j  com.typesafe.config.ConfigFactory.parseResources(Ljava/lang/String;Lcom/typesafe/config/ConfigParseOptions;)Lcom/typesafe/config/Config;+12
j  com.typesafe.config.ConfigFactory.parseResources(Ljava/lang/String;)Lcom/typesafe/config/Config;+4
j  lihua.mongo.MongoDB$.$anonfun$apply$6(Lcom/typesafe/config/Config;)Lcom/typesafe/config/Config;+4
j  lihua.mongo.MongoDB$$$Lambda$22619.apply()Ljava/lang/Object;+4
j  cats.effect.internals.IORunLoop$.cats$effect$internals$IORunLoop$$loop(Lcats/effect/IO;Lcats/effect/internals/IOConnection;Lscala/Function1;Lcats/effect/internals/IORunLoop$RestartCallback;Lscala/Function1;Lcats/effect/internals/ArrayStack;)V+178
j  cats.effect.internals.IORunLoop$.start(Lcats/effect/IO;Lscala/Function1;)V+12
j  cats.effect.internals.IOBracket$.$anonfun$apply$1(Lcats/effect/IO;Lscala/Function1;Lscala/Function2;Lcats/effect/internals/IOConnection;Lscala/Function1;)V+42
j  cats.effect.internals.IOBracket$.$anonfun$apply$1$adapted(Lcats/effect/IO;Lscala/Function1;Lscala/Function2;Lcats/effect/internals/IOConnection;Lscala/Function1;)Ljava/lang/Object;+6
j  cats.effect.internals.IOBracket$$$Lambda$22557.apply(Ljava/lang/Object;Ljava/lang/Object;)Ljava/lang/Object;+20
j  cats.effect.internals.IORunLoop$RestartCallback.start(Lcats/effect/IO$Async;Lscala/Function1;Lcats/effect/internals/ArrayStack;)V+32
j  cats.effect.internals.IORunLoop$.cats$effect$internals$IORunLoop$$loop(Lcats/effect/IO;Lcats/effect/internals/IOConnection;Lscala/Function1;Lcats/effect/internals/IORunLoop$RestartCallback;Lscala/Function1;Lcats/effect/internals/ArrayStack;)V+601
j  cats.effect.internals.IORunLoop$.startCancelable(Lcats/effect/IO;Lcats/effect/internals/IOConnection;Lscala/Function1;)V+7
j  cats.effect.internals.IOBracket$BracketStart.run()V+83
j  cats.effect.internals.Trampoline.cats$effect$internals$Trampoline$$immediateLoop(Ljava/lang/Runnable;)V+1
j  cats.effect.internals.Trampoline.startLoop(Ljava/lang/Runnable;)V+7
j  cats.effect.internals.TrampolineEC$JVMTrampoline.super$startLoop(Ljava/lang/Runnable;)V+2
j  cats.effect.internals.TrampolineEC$JVMTrampoline.$anonfun$startLoop$1(Lcats/effect/internals/TrampolineEC$JVMTrampoline;Ljava/lang/Runnable;)V+2
j  cats.effect.internals.TrampolineEC$JVMTrampoline$$Lambda$22565.apply$mcV$sp()V+8
J 27170 C2 scala.runtime.java8.JFunction0$mcV$sp.apply()Ljava/lang/Object; (10 bytes) @ 0x000000011944435c [0x0000000119444320+0x3c]
J 27415 C1 scala.concurrent.BlockContext$.withBlockContext(Lscala/concurrent/BlockContext;Lscala/Function0;)Ljava/lang/Object; (50 bytes) @ 0x0000000117f8e00c [0x0000000117f8da00+0x60c]
j  cats.effect.internals.TrampolineEC$JVMTrampoline.startLoop(Ljava/lang/Runnable;)V+14
j  cats.effect.internals.Trampoline.execute(Ljava/lang/Runnable;)V+9
j  cats.effect.internals.TrampolineEC.execute(Ljava/lang/Runnable;)V+11
j  cats.effect.internals.IOBracket$BracketStart.apply(Lscala/util/Either;)V+29
j  cats.effect.internals.IOBracket$BracketStart.apply(Ljava/lang/Object;)Ljava/lang/Object;+5
j  cats.effect.internals.IORunLoop$.cats$effect$internals$IORunLoop$$loop(Lcats/effect/IO;Lcats/effect/internals/IOConnection;Lscala/Function1;Lcats/effect/internals/IORunLoop$RestartCallback;Lscala/Function1;Lcats/effect/internals/ArrayStack;)V+794
j  cats.effect.internals.IORunLoop$.start(Lcats/effect/IO;Lscala/Function1;)V+12
j  cats.effect.internals.IOBracket$.$anonfun$apply$1(Lcats/effect/IO;Lscala/Function1;Lscala/Function2;Lcats/effect/internals/IOConnection;Lscala/Function1;)V+42
j  cats.effect.internals.IOBracket$.$anonfun$apply$1$adapted(Lcats/effect/IO;Lscala/Function1;Lscala/Function2;Lcats/effect/internals/IOConnection;Lscala/Function1;)Ljava/lang/Object;+6
j  cats.effect.internals.IOBracket$$$Lambda$22557.apply(Ljava/lang/Object;Ljava/lang/Object;)Ljava/lang/Object;+20
j  cats.effect.internals.IORunLoop$RestartCallback.start(Lcats/effect/IO$Async;Lscala/Function1;Lcats/effect/internals/ArrayStack;)V+32
j  cats.effect.internals.IORunLoop$.cats$effect$internals$IORunLoop$$loop(Lcats/effect/IO;Lcats/effect/internals/IOConnection;Lscala/Function1;Lcats/effect/internals/IORunLoop$RestartCallback;Lscala/Function1;Lcats/effect/internals/ArrayStack;)V+601
j  cats.effect.internals.IORunLoop$.start(Lcats/effect/IO;Lscala/Function1;)V+12
j  cats.effect.IO.unsafeRunAsync(Lscala/Function1;)V+5
j  cats.effect.internals.IOPlatform$.unsafeResync(Lcats/effect/IO;Lscala/concurrent/duration/Duration;)Lscala/Option;+25
j  cats.effect.IO.unsafeRunTimed(Lscala/concurrent/duration/Duration;)Lscala/Option;+92
j  cats.effect.IO.unsafeRunSync()Ljava/lang/Object;+7
j  com.iheart.thomas.kafka.BanditUpdaterSuite.$anonfun$new$2(Lcom/iheart/thomas/kafka/BanditUpdaterSuite;)Lorg/scalatest/compatible/Assertion;+156
j  com.iheart.thomas.kafka.BanditUpdaterSuite$$Lambda$21675.apply()Ljava/lang/Object;+4
j  net.manub.embeddedkafka.EmbeddedKafkaSupport.$anonfun$withRunningKafka$3(Lscala/Function0;Lnet/manub/embeddedkafka/EmbeddedKafkaConfig;)Ljava/lang/Object;+1
j  net.manub.embeddedkafka.EmbeddedKafkaSupport$$Lambda$21679.apply(Ljava/lang/Object;)Ljava/lang/Object;+8
j  net.manub.embeddedkafka.EmbeddedKafka.withRunningServers(Lnet/manub/embeddedkafka/EmbeddedKafkaConfig;ILscala/reflect/io/Directory;Lscala/Function1;)Ljava/lang/Object;+61
j  net.manub.embeddedkafka.EmbeddedKafka.withRunningServers$(Lnet/manub/embeddedkafka/EmbeddedKafka;Lnet/manub/embeddedkafka/EmbeddedKafkaConfig;ILscala/reflect/io/Directory;Lscala/Function1;)Ljava/lang/Object;+6
j  com.iheart.thomas.kafka.BanditUpdaterSuite.withRunningServers(Lnet/manub/embeddedkafka/EmbeddedKafkaConfig;ILscala/reflect/io/Directory;Lscala/Function1;)Ljava/lang/Object;+6
j  net.manub.embeddedkafka.EmbeddedKafkaSupport.$anonfun$withRunningKafka$2(Lnet/manub/embeddedkafka/EmbeddedKafkaSupport;Lnet/manub/embeddedkafka/EmbeddedKafkaConfig;ILscala/Function0;Lscala/reflect/io/Directory;)Ljava/lang/Object;+11
j  net.manub.embeddedkafka.EmbeddedKafkaSupport$$Lambda$21678.apply(Ljava/lang/Object;)Ljava/lang/Object;+20
j  net.manub.embeddedkafka.EmbeddedKafkaSupport.withTempDir(Ljava/lang/String;Lscala/Function1;)Ljava/lang/Object;+22
j  net.manub.embeddedkafka.EmbeddedKafkaSupport.withTempDir$(Lnet/manub/embeddedkafka/EmbeddedKafkaSupport;Ljava/lang/String;Lscala/Function1;)Ljava/lang/Object;+3
j  com.iheart.thomas.kafka.BanditUpdaterSuite.withTempDir(Ljava/lang/String;Lscala/Function1;)Ljava/lang/Object;+3
j  net.manub.embeddedkafka.EmbeddedKafkaSupport.$anonfun$withRunningKafka$1(Lnet/manub/embeddedkafka/EmbeddedKafkaSupport;Lnet/manub/embeddedkafka/EmbeddedKafkaConfig;Lscala/Function0;I)Ljava/lang/Object;+12
j  net.manub.embeddedkafka.EmbeddedKafkaSupport.$anonfun$withRunningKafka$1$adapted(Lnet/manub/embeddedkafka/EmbeddedKafkaSupport;Lnet/manub/embeddedkafka/EmbeddedKafkaConfig;Lscala/Function0;Ljava/lang/Object;)Ljava/lang/Object;+7
j  net.manub.embeddedkafka.EmbeddedKafkaSupport$$Lambda$21676.apply(Ljava/lang/Object;)Ljava/lang/Object;+13
j  net.manub.embeddedkafka.EmbeddedKafkaSupport.$anonfun$withRunningZooKeeper$1(Lnet/manub/embeddedkafka/EmbeddedKafkaSupport;ILscala/Function1;Lscala/reflect/io/Directory;)Ljava/lang/Object;+22
j  net.manub.embeddedkafka.EmbeddedKafkaSupport$$Lambda$21677.apply(Ljava/lang/Object;)Ljava/lang/Object;+16
j  net.manub.embeddedkafka.EmbeddedKafkaSupport.withTempDir(Ljava/lang/String;Lscala/Function1;)Ljava/lang/Object;+22
j  net.manub.embeddedkafka.EmbeddedKafkaSupport.withTempDir$(Lnet/manub/embeddedkafka/EmbeddedKafkaSupport;Ljava/lang/String;Lscala/Function1;)Ljava/lang/Object;+3
j  com.iheart.thomas.kafka.BanditUpdaterSuite.withTempDir(Ljava/lang/String;Lscala/Function1;)Ljava/lang/Object;+3
j  net.manub.embeddedkafka.EmbeddedKafkaSupport.withRunningZooKeeper(ILscala/Function1;)Ljava/lang/Object;+11
j  net.manub.embeddedkafka.EmbeddedKafkaSupport.withRunningZooKeeper$(Lnet/manub/embeddedkafka/EmbeddedKafkaSupport;ILscala/Function1;)Ljava/lang/Object;+3
j  com.iheart.thomas.kafka.BanditUpdaterSuite.withRunningZooKeeper(ILscala/Function1;)Ljava/lang/Object;+3
j  net.manub.embeddedkafka.EmbeddedKafkaSupport.withRunningKafka(Lscala/Function0;Lnet/manub/embeddedkafka/EmbeddedKafkaConfig;)Ljava/lang/Object;+15
j  net.manub.embeddedkafka.EmbeddedKafkaSupport.withRunningKafka$(Lnet/manub/embeddedkafka/EmbeddedKafkaSupport;Lscala/Function0;Lnet/manub/embeddedkafka/EmbeddedKafkaConfig;)Ljava/lang/Object;+3
j  com.iheart.thomas.kafka.BanditUpdaterSuite.withRunningKafka(Lscala/Function0;Lnet/manub/embeddedkafka/EmbeddedKafkaConfig;)Ljava/lang/Object;+3
j  com.iheart.thomas.kafka.BanditUpdaterSuite.$anonfun$new$1(Lcom/iheart/thomas/kafka/BanditUpdaterSuite;)Lorg/scalatest/compatible/Assertion;+11
j  com.iheart.thomas.kafka.BanditUpdaterSuite$$Lambda$21629.apply()Ljava/lang/Object;+4
j  org.scalatest.OutcomeOf.outcomeOf(Lscala/Function0;)Lorg/scalatest/Outcome;+1
j  org.scalatest.OutcomeOf.outcomeOf$(Lorg/scalatest/OutcomeOf;Lscala/Function0;)Lorg/scalatest/Outcome;+2
j  org.scalatest.OutcomeOf$.outcomeOf(Lscala/Function0;)Lorg/scalatest/Outcome;+2
j  org.scalatest.Transformer.apply()Lorg/scalatest/Outcome;+7
j  org.scalatest.Transformer.apply()Ljava/lang/Object;+1
j  org.scalatest.freespec.AnyFreeSpecLike$$anon$1.apply()Lorg/scalatest/Outcome;+10
j  org.scalatest.TestSuite.withFixture(Lorg/scalatest/TestSuite$NoArgTest;)Lorg/scalatest/Outcome;+1
j  org.scalatest.TestSuite.withFixture$(Lorg/scalatest/TestSuite;Lorg/scalatest/TestSuite$NoArgTest;)Lorg/scalatest/Outcome;+2
j  org.scalatest.freespec.AnyFreeSpec.withFixture(Lorg/scalatest/TestSuite$NoArgTest;)Lorg/scalatest/Outcome;+2
j  org.scalatest.freespec.AnyFreeSpecLike.invokeWithFixture$1(Lorg/scalatest/SuperEngine$TestLeaf;Lorg/scalatest/Args;Ljava/lang/String;)Lorg/scalatest/Outcome;+29
j  org.scalatest.freespec.AnyFreeSpecLike.$anonfun$runTest$1(Lorg/scalatest/freespec/AnyFreeSpecLike;Lorg/scalatest/Args;Ljava/lang/String;Lorg/scalatest/SuperEngine$TestLeaf;)Lorg/scalatest/Outcome;+4
j  org.scalatest.freespec.AnyFreeSpecLike$$Lambda$21665.apply(Ljava/lang/Object;)Ljava/lang/Object;+16
j  org.scalatest.SuperEngine.runTestImpl(Lorg/scalatest/Suite;Ljava/lang/String;Lorg/scalatest/Args;ZLscala/Function1;)Lorg/scalatest/Status;+506
j  org.scalatest.freespec.AnyFreeSpecLike.runTest(Ljava/lang/String;Lorg/scalatest/Args;)Lorg/scalatest/Status;+18
j  org.scalatest.freespec.AnyFreeSpecLike.runTest$(Lorg/scalatest/freespec/AnyFreeSpecLike;Ljava/lang/String;Lorg/scalatest/Args;)Lorg/scalatest/Status;+3
j  org.scalatest.freespec.AnyFreeSpec.runTest(Ljava/lang/String;Lorg/scalatest/Args;)Lorg/scalatest/Status;+3
j  org.scalatest.freespec.AnyFreeSpecLike.$anonfun$runTests$1(Lorg/scalatest/freespec/AnyFreeSpecLike;Ljava/lang/String;Lorg/scalatest/Args;)Lorg/scalatest/Status;+3
...<more frames>...

Java frames: (J=compiled Java code, j=interpreted, Vv=VM code)
J 108  java.util.zip.ZipFile.getEntry(J[BZ)J (0 bytes) @ 0x0000000114d31b18 [0x0000000114d31ac0+0x58]
J 3961 C2 java.util.zip.ZipFile.getEntry(Ljava/lang/String;)Ljava/util/zip/ZipEntry; (101 bytes) @ 0x0000000115679028 [0x0000000115678cc0+0x368]
J 11609 C1 sun.net.www.protocol.jar.URLJarFile.getEntry(Ljava/lang/String;)Ljava/util/zip/ZipEntry; (69 bytes) @ 0x00000001165d08f4 [0x00000001165d0820+0xd4]
J 11606 C1 sun.net.www.protocol.jar.JarURLConnection.connect()V (163 bytes) @ 0x00000001165cce34 [0x00000001165cc780+0x6b4]
j  com.typesafe.config.impl.Parseable$ParseableURL.reader(Lcom/typesafe/config/ConfigParseOptions;)Ljava/io/Reader;+59
j  com.typesafe.config.impl.Parseable.rawParseValue(Lcom/typesafe/config/ConfigOrigin;Lcom/typesafe/config/ConfigParseOptions;)Lcom/typesafe/config/impl/AbstractConfigValue;+2
j  com.typesafe.config.impl.Parseable.parseValue(Lcom/typesafe/config/ConfigOrigin;Lcom/typesafe/config/ConfigParseOptions;)Lcom/typesafe/config/impl/AbstractConfigValue;+3
j  com.typesafe.config.impl.Parseable.parseValue(Lcom/typesafe/config/ConfigParseOptions;)Lcom/typesafe/config/impl/AbstractConfigValue;+32
j  com.typesafe.config.impl.Parseable.parseValue()Lcom/typesafe/config/impl/AbstractConfigValue;+5
j  com.typesafe.config.impl.Parseable$ParseableResources.rawParseValue(Lcom/typesafe/config/ConfigOrigin;Lcom/typesafe/config/ConfigParseOptions;)Lcom/typesafe/config/impl/AbstractConfigObject;+205
j  com.typesafe.config.impl.Parseable$ParseableResources.rawParseValue(Lcom/typesafe/config/ConfigOrigin;Lcom/typesafe/config/ConfigParseOptions;)Lcom/typesafe/config/impl/AbstractConfigValue;+3
j  com.typesafe.config.impl.Parseable.parseValue(Lcom/typesafe/config/ConfigOrigin;Lcom/typesafe/config/ConfigParseOptions;)Lcom/typesafe/config/impl/AbstractConfigValue;+3
j  com.typesafe.config.impl.Parseable.parseValue(Lcom/typesafe/config/ConfigParseOptions;)Lcom/typesafe/config/impl/AbstractConfigValue;+32
j  com.typesafe.config.impl.Parseable.parse()Lcom/typesafe/config/ConfigObject;+5
j  com.typesafe.config.ConfigFactory.parseResources(Ljava/lang/String;Lcom/typesafe/config/ConfigParseOptions;)Lcom/typesafe/config/Config;+12
j  com.typesafe.config.ConfigFactory.parseResources(Ljava/lang/String;)Lcom/typesafe/config/Config;+4
j  lihua.mongo.MongoDB$.$anonfun$apply$6(Lcom/typesafe/config/Config;)Lcom/typesafe/config/Config;+4
j  lihua.mongo.MongoDB$$$Lambda$22619.apply()Ljava/lang/Object;+4
j  cats.effect.internals.IORunLoop$.cats$effect$internals$IORunLoop$$loop(Lcats/effect/IO;Lcats/effect/internals/IOConnection;Lscala/Function1;Lcats/effect/internals/IORunLoop$RestartCallback;Lscala/Function1;Lcats/effect/internals/ArrayStack;)V+178
j  cats.effect.internals.IORunLoop$.start(Lcats/effect/IO;Lscala/Function1;)V+12
j  cats.effect.internals.IOBracket$.$anonfun$apply$1(Lcats/effect/IO;Lscala/Function1;Lscala/Function2;Lcats/effect/internals/IOConnection;Lscala/Function1;)V+42
j  cats.effect.internals.IOBracket$.$anonfun$apply$1$adapted(Lcats/effect/IO;Lscala/Function1;Lscala/Function2;Lcats/effect/internals/IOConnection;Lscala/Function1;)Ljava/lang/Object;+6
j  cats.effect.internals.IOBracket$$$Lambda$22557.apply(Ljava/lang/Object;Ljava/lang/Object;)Ljava/lang/Object;+20
j  cats.effect.internals.IORunLoop$RestartCallback.start(Lcats/effect/IO$Async;Lscala/Function1;Lcats/effect/internals/ArrayStack;)V+32
j  cats.effect.internals.IORunLoop$.cats$effect$internals$IORunLoop$$loop(Lcats/effect/IO;Lcats/effect/internals/IOConnection;Lscala/Function1;Lcats/effect/internals/IORunLoop$RestartCallback;Lscala/Function1;Lcats/effect/internals/ArrayStack;)V+601
j  cats.effect.internals.IORunLoop$.startCancelable(Lcats/effect/IO;Lcats/effect/internals/IOConnection;Lscala/Function1;)V+7
j  cats.effect.internals.IOBracket$BracketStart.run()V+83
j  cats.effect.internals.Trampoline.cats$effect$internals$Trampoline$$immediateLoop(Ljava/lang/Runnable;)V+1
j  cats.effect.internals.Trampoline.startLoop(Ljava/lang/Runnable;)V+7
j  cats.effect.internals.TrampolineEC$JVMTrampoline.super$startLoop(Ljava/lang/Runnable;)V+2
j  cats.effect.internals.TrampolineEC$JVMTrampoline.$anonfun$startLoop$1(Lcats/effect/internals/TrampolineEC$JVMTrampoline;Ljava/lang/Runnable;)V+2
j  cats.effect.internals.TrampolineEC$JVMTrampoline$$Lambda$22565.apply$mcV$sp()V+8
J 27170 C2 scala.runtime.java8.JFunction0$mcV$sp.apply()Ljava/lang/Object; (10 bytes) @ 0x000000011944435c [0x0000000119444320+0x3c]
J 27415 C1 scala.concurrent.BlockContext$.withBlockContext(Lscala/concurrent/BlockContext;Lscala/Function0;)Ljava/lang/Object; (50 bytes) @ 0x0000000117f8e00c [0x0000000117f8da00+0x60c]
j  cats.effect.internals.TrampolineEC$JVMTrampoline.startLoop(Ljava/lang/Runnable;)V+14
j  cats.effect.internals.Trampoline.execute(Ljava/lang/Runnable;)V+9
j  cats.effect.internals.TrampolineEC.execute(Ljava/lang/Runnable;)V+11
j  cats.effect.internals.IOBracket$BracketStart.apply(Lscala/util/Either;)V+29
j  cats.effect.internals.IOBracket$BracketStart.apply(Ljava/lang/Object;)Ljava/lang/Object;+5
j  cats.effect.internals.IORunLoop$.cats$effect$internals$IORunLoop$$loop(Lcats/effect/IO;Lcats/effect/internals/IOConnection;Lscala/Function1;Lcats/effect/internals/IORunLoop$RestartCallback;Lscala/Function1;Lcats/effect/internals/ArrayStack;)V+794
j  cats.effect.internals.IORunLoop$.start(Lcats/effect/IO;Lscala/Function1;)V+12
j  cats.effect.internals.IOBracket$.$anonfun$apply$1(Lcats/effect/IO;Lscala/Function1;Lscala/Function2;Lcats/effect/internals/IOConnection;Lscala/Function1;)V+42
j  cats.effect.internals.IOBracket$.$anonfun$apply$1$adapted(Lcats/effect/IO;Lscala/Function1;Lscala/Function2;Lcats/effect/internals/IOConnection;Lscala/Function1;)Ljava/lang/Object;+6
j  cats.effect.internals.IOBracket$$$Lambda$22557.apply(Ljava/lang/Object;Ljava/lang/Object;)Ljava/lang/Object;+20
j  cats.effect.internals.IORunLoop$RestartCallback.start(Lcats/effect/IO$Async;Lscala/Function1;Lcats/effect/internals/ArrayStack;)V+32
j  cats.effect.internals.IORunLoop$.cats$effect$internals$IORunLoop$$loop(Lcats/effect/IO;Lcats/effect/internals/IOConnection;Lscala/Function1;Lcats/effect/internals/IORunLoop$RestartCallback;Lscala/Function1;Lcats/effect/internals/ArrayStack;)V+601
j  cats.effect.internals.IORunLoop$.start(Lcats/effect/IO;Lscala/Function1;)V+12
j  cats.effect.IO.unsafeRunAsync(Lscala/Function1;)V+5
j  cats.effect.internals.IOPlatform$.unsafeResync(Lcats/effect/IO;Lscala/concurrent/duration/Duration;)Lscala/Option;+25
j  cats.effect.IO.unsafeRunTimed(Lscala/concurrent/duration/Duration;)Lscala/Option;+92
j  cats.effect.IO.unsafeRunSync()Ljava/lang/Object;+7
j  com.iheart.thomas.kafka.BanditUpdaterSuite.$anonfun$new$2(Lcom/iheart/thomas/kafka/BanditUpdaterSuite;)Lorg/scalatest/compatible/Assertion;+156
j  com.iheart.thomas.kafka.BanditUpdaterSuite$$Lambda$21675.apply()Ljava/lang/Object;+4
j  net.manub.embeddedkafka.EmbeddedKafkaSupport.$anonfun$withRunningKafka$3(Lscala/Function0;Lnet/manub/embeddedkafka/EmbeddedKafkaConfig;)Ljava/lang/Object;+1
j  net.manub.embeddedkafka.EmbeddedKafkaSupport$$Lambda$21679.apply(Ljava/lang/Object;)Ljava/lang/Object;+8
j  net.manub.embeddedkafka.EmbeddedKafka.withRunningServers(Lnet/manub/embeddedkafka/EmbeddedKafkaConfig;ILscala/reflect/io/Directory;Lscala/Function1;)Ljava/lang/Object;+61
j  net.manub.embeddedkafka.EmbeddedKafka.withRunningServers$(Lnet/manub/embeddedkafka/EmbeddedKafka;Lnet/manub/embeddedkafka/EmbeddedKafkaConfig;ILscala/reflect/io/Directory;Lscala/Function1;)Ljava/lang/Object;+6
j  com.iheart.thomas.kafka.BanditUpdaterSuite.withRunningServers(Lnet/manub/embeddedkafka/EmbeddedKafkaConfig;ILscala/reflect/io/Directory;Lscala/Function1;)Ljava/lang/Object;+6
j  net.manub.embeddedkafka.EmbeddedKafkaSupport.$anonfun$withRunningKafka$2(Lnet/manub/embeddedkafka/EmbeddedKafkaSupport;Lnet/manub/embeddedkafka/EmbeddedKafkaConfig;ILscala/Function0;Lscala/reflect/io/Directory;)Ljava/lang/Object;+11
j  net.manub.embeddedkafka.EmbeddedKafkaSupport$$Lambda$21678.apply(Ljava/lang/Object;)Ljava/lang/Object;+20
j  net.manub.embeddedkafka.EmbeddedKafkaSupport.withTempDir(Ljava/lang/String;Lscala/Function1;)Ljava/lang/Object;+22
j  net.manub.embeddedkafka.EmbeddedKafkaSupport.withTempDir$(Lnet/manub/embeddedkafka/EmbeddedKafkaSupport;Ljava/lang/String;Lscala/Function1;)Ljava/lang/Object;+3
j  com.iheart.thomas.kafka.BanditUpdaterSuite.withTempDir(Ljava/lang/String;Lscala/Function1;)Ljava/lang/Object;+3
j  net.manub.embeddedkafka.EmbeddedKafkaSupport.$anonfun$withRunningKafka$1(Lnet/manub/embeddedkafka/EmbeddedKafkaSupport;Lnet/manub/embeddedkafka/EmbeddedKafkaConfig;Lscala/Function0;I)Ljava/lang/Object;+12
j  net.manub.embeddedkafka.EmbeddedKafkaSupport.$anonfun$withRunningKafka$1$adapted(Lnet/manub/embeddedkafka/EmbeddedKafkaSupport;Lnet/manub/embeddedkafka/EmbeddedKafkaConfig;Lscala/Function0;Ljava/lang/Object;)Ljava/lang/Object;+7
j  net.manub.embeddedkafka.EmbeddedKafkaSupport$$Lambda$21676.apply(Ljava/lang/Object;)Ljava/lang/Object;+13
j  net.manub.embeddedkafka.EmbeddedKafkaSupport.$anonfun$withRunningZooKeeper$1(Lnet/manub/embeddedkafka/EmbeddedKafkaSupport;ILscala/Function1;Lscala/reflect/io/Directory;)Ljava/lang/Object;+22
j  net.manub.embeddedkafka.EmbeddedKafkaSupport$$Lambda$21677.apply(Ljava/lang/Object;)Ljava/lang/Object;+16
j  net.manub.embeddedkafka.EmbeddedKafkaSupport.withTempDir(Ljava/lang/String;Lscala/Function1;)Ljava/lang/Object;+22
j  net.manub.embeddedkafka.EmbeddedKafkaSupport.withTempDir$(Lnet/manub/embeddedkafka/EmbeddedKafkaSupport;Ljava/lang/String;Lscala/Function1;)Ljava/lang/Object;+3
j  com.iheart.thomas.kafka.BanditUpdaterSuite.withTempDir(Ljava/lang/String;Lscala/Function1;)Ljava/lang/Object;+3
j  net.manub.embeddedkafka.EmbeddedKafkaSupport.withRunningZooKeeper(ILscala/Function1;)Ljava/lang/Object;+11
j  net.manub.embeddedkafka.EmbeddedKafkaSupport.withRunningZooKeeper$(Lnet/manub/embeddedkafka/EmbeddedKafkaSupport;ILscala/Function1;)Ljava/lang/Object;+3
j  com.iheart.thomas.kafka.BanditUpdaterSuite.withRunningZooKeeper(ILscala/Function1;)Ljava/lang/Object;+3
j  net.manub.embeddedkafka.EmbeddedKafkaSupport.withRunningKafka(Lscala/Function0;Lnet/manub/embeddedkafka/EmbeddedKafkaConfig;)Ljava/lang/Object;+15
j  net.manub.embeddedkafka.EmbeddedKafkaSupport.withRunningKafka$(Lnet/manub/embeddedkafka/EmbeddedKafkaSupport;Lscala/Function0;Lnet/manub/embeddedkafka/EmbeddedKafkaConfig;)Ljava/lang/Object;+3
j  com.iheart.thomas.kafka.BanditUpdaterSuite.withRunningKafka(Lscala/Function0;Lnet/manub/embeddedkafka/EmbeddedKafkaConfig;)Ljava/lang/Object;+3
j  com.iheart.thomas.kafka.BanditUpdaterSuite.$anonfun$new$1(Lcom/iheart/thomas/kafka/BanditUpdaterSuite;)Lorg/scalatest/compatible/Assertion;+11
j  com.iheart.thomas.kafka.BanditUpdaterSuite$$Lambda$21629.apply()Ljava/lang/Object;+4
j  org.scalatest.OutcomeOf.outcomeOf(Lscala/Function0;)Lorg/scalatest/Outcome;+1
j  org.scalatest.OutcomeOf.outcomeOf$(Lorg/scalatest/OutcomeOf;Lscala/Function0;)Lorg/scalatest/Outcome;+2
j  org.scalatest.OutcomeOf$.outcomeOf(Lscala/Function0;)Lorg/scalatest/Outcome;+2
j  org.scalatest.Transformer.apply()Lorg/scalatest/Outcome;+7
j  org.scalatest.Transformer.apply()Ljava/lang/Object;+1
j  org.scalatest.freespec.AnyFreeSpecLike$$anon$1.apply()Lorg/scalatest/Outcome;+10
j  org.scalatest.TestSuite.withFixture(Lorg/scalatest/TestSuite$NoArgTest;)Lorg/scalatest/Outcome;+1
j  org.scalatest.TestSuite.withFixture$(Lorg/scalatest/TestSuite;Lorg/scalatest/TestSuite$NoArgTest;)Lorg/scalatest/Outcome;+2
j  org.scalatest.freespec.AnyFreeSpec.withFixture(Lorg/scalatest/TestSuite$NoArgTest;)Lorg/scalatest/Outcome;+2
j  org.scalatest.freespec.AnyFreeSpecLike.invokeWithFixture$1(Lorg/scalatest/SuperEngine$TestLeaf;Lorg/scalatest/Args;Ljava/lang/String;)Lorg/scalatest/Outcome;+29
j  org.scalatest.freespec.AnyFreeSpecLike.$anonfun$runTest$1(Lorg/scalatest/freespec/AnyFreeSpecLike;Lorg/scalatest/Args;Ljava/lang/String;Lorg/scalatest/SuperEngine$TestLeaf;)Lorg/scalatest/Outcome;+4
j  org.scalatest.freespec.AnyFreeSpecLike$$Lambda$21665.apply(Ljava/lang/Object;)Ljava/lang/Object;+16
j  org.scalatest.SuperEngine.runTestImpl(Lorg/scalatest/Suite;Ljava/lang/String;Lorg/scalatest/Args;ZLscala/Function1;)Lorg/scalatest/Status;+506
j  org.scalatest.freespec.AnyFreeSpecLike.runTest(Ljava/lang/String;Lorg/scalatest/Args;)Lorg/scalatest/Status;+18
j  org.scalatest.freespec.AnyFreeSpecLike.runTest$(Lorg/scalatest/freespec/AnyFreeSpecLike;Ljava/lang/String;Lorg/scalatest/Args;)Lorg/scalatest/Status;+3
j  org.scalatest.freespec.AnyFreeSpec.runTest(Ljava/lang/String;Lorg/scalatest/Args;)Lorg/scalatest/Status;+3
j  org.scalatest.freespec.AnyFreeSpecLike.$anonfun$runTests$1(Lorg/scalatest/freespec/AnyFreeSpecLike;Ljava/lang/String;Lorg/scalatest/Args;)Lorg/scalatest/Status;+3
j  org.scalatest.freespec.AnyFreeSpecLike$$Lambda$21650.apply(Ljava/lang/Object;Ljava/lang/Object;)Ljava/lang/Object;+12
j  org.scalatest.SuperEngine.$anonfun$runTestsInBranch$1(Lorg/scalatest/SuperEngine;Lorg/scalatest/Args;Lorg/scalatest/Suite;Lorg/scalatest/SuperEngine$Branch;Lscala/collection/mutable/ListBuffer;Lscala/Function2;ZLorg/scalatest/SuperEngine$Node;)Ljava/lang/Object;+232
j  org.scalatest.SuperEngine$$Lambda$21651.apply(Ljava/lang/Object;)Ljava/lang/Object;+32
J 4620 C2 scala.collection.immutable.List.foreach(Lscala/Function1;)V (32 bytes) @ 0x00000001157cedcc [0x00000001157ced40+0x8c]
j  org.scalatest.SuperEngine.traverseSubNodes$1(Lorg/scalatest/SuperEngine$Branch;Lorg/scalatest/Args;Lorg/scalatest/Suite;Lscala/collection/mutable/ListBuffer;Lscala/Function2;Z)V+22
j  org.scalatest.SuperEngine.runTestsInBranch(Lorg/scalatest/Suite;Lorg/scalatest/SuperEngine$Branch;Lorg/scalatest/Args;ZLscala/Function2;)Lorg/scalatest/Status;+194
j  org.scalatest.SuperEngine.runTestsImpl(Lorg/scalatest/Suite;Lscala/Option;Lorg/scalatest/Args;Lorg/scalatest/Informer;ZLscala/Function2;)Lorg/scalatest/Status;+447
j  org.scalatest.freespec.AnyFreeSpecLike.runTests(Lscala/Option;Lorg/scalatest/Args;)Lorg/scalatest/Status;+22
j  org.scalatest.freespec.AnyFreeSpecLike.runTests$(Lorg/scalatest/freespec/AnyFreeSpecLike;Lscala/Option;Lorg/scalatest/Args;)Lorg/scalatest/Status;+3
j  org.scalatest.freespec.AnyFreeSpec.runTests(Lscala/Option;Lorg/scalatest/Args;)Lorg/scalatest/Status;+3
j  org.scalatest.Suite.run(Lscala/Option;Lorg/scalatest/Args;)Lorg/scalatest/Status;+235
j  org.scalatest.Suite.run$(Lorg/scalatest/Suite;Lscala/Option;Lorg/scalatest/Args;)Lorg/scalatest/Status;+3
j  org.scalatest.freespec.AnyFreeSpec.org$scalatest$freespec$AnyFreeSpecLike$$super$run(Lscala/Option;Lorg/scalatest/Args;)Lorg/scalatest/Status;+3
j  org.scalatest.freespec.AnyFreeSpecLike.$anonfun$run$1(Lorg/scalatest/freespec/AnyFreeSpecLike;Lscala/Option;Lorg/scalatest/Args;)Lorg/scalatest/Status;+3
j  org.scalatest.freespec.AnyFreeSpecLike$$Lambda$21643.apply(Ljava/lang/Object;Ljava/lang/Object;)Ljava/lang/Object;+12
j  org.scalatest.SuperEngine.runImpl(Lorg/scalatest/Suite;Lscala/Option;Lorg/scalatest/Args;Lscala/Function2;)Lorg/scalatest/Status;+358
j  org.scalatest.freespec.AnyFreeSpecLike.run(Lscala/Option;Lorg/scalatest/Args;)Lorg/scalatest/Status;+15
j  org.scalatest.freespec.AnyFreeSpecLike.run$(Lorg/scalatest/freespec/AnyFreeSpecLike;Lscala/Option;Lorg/scalatest/Args;)Lorg/scalatest/Status;+3
j  org.scalatest.freespec.AnyFreeSpec.run(Lscala/Option;Lorg/scalatest/Args;)Lorg/scalatest/Status;+3
j  org.scalatest.tools.Framework.org$scalatest$tools$Framework$$runSuite(Lsbt/testing/TaskDef;Ljava/lang/String;Lorg/scalatest/Suite;Ljava/lang/ClassLoader;Lorg/scalatest/tools/SuiteSortingReporter;Lorg/scalatest/Tracker;Lsbt/testing/EventHandler;Lscala/collection/immutable/Set;Lscala/collection/immutable/Set;[Lsbt/testing/Selector;ZLorg/scalatest/ConfigMap;Lorg/scalatest/tools/Framework$SummaryCounter;Lscala/Option;Ljava/util/concurrent/LinkedBlockingQueue;[Lsbt/testing/Logger;ZZZZZZZZZZLjava/util/concurrent/ExecutorService;)[Lsbt/testing/Task;+640
j  org.scalatest.tools.Framework$ScalaTestTask.execute(Lsbt/testing/EventHandler;[Lsbt/testing/Logger;)[Lsbt/testing/Task;+337
j  sbt.TestRunner.runTest$1(Lsbt/TestDefinition;Lsbt/testing/Task;Ljava/lang/String;)Lscala/Tuple2;+84
j  sbt.TestRunner.run(Lsbt/testing/TaskDef;Lsbt/testing/Task;)Lscala/Tuple2;+62
j  sbt.TestFramework$$anon$3$$anonfun$$lessinit$greater$1.$anonfun$apply$1(Lsbt/TestFramework$$anon$3$$anonfun$$lessinit$greater$1;Lsbt/TestRunner;)Lscala/Tuple2;+9
j  sbt.TestFramework$$anon$3$$anonfun$$lessinit$greater$1$$Lambda$6749.apply()Ljava/lang/Object;+8
j  sbt.TestFramework$.sbt$TestFramework$$withContextLoader(Ljava/lang/ClassLoader;Lscala/Function0;)Ljava/lang/Object;+15
j  sbt.TestFramework$$anon$3$$anonfun$$lessinit$greater$1.apply(Lsbt/TestRunner;)Lscala/Tuple2;+14
j  sbt.TestFramework$$anon$3$$anonfun$$lessinit$greater$1.apply(Ljava/lang/Object;)Ljava/lang/Object;+5
j  sbt.TestFunction.apply()Lscala/Tuple2;+8
j  sbt.Tests$.processRunnable$1(Lscala/collection/immutable/List;Lscala/collection/immutable/List;Ljava/lang/ClassLoader;)Lscala/collection/immutable/List;+47
j  sbt.Tests$.$anonfun$makeSerial$1(Lsbt/Tests$;Lscala/collection/Seq;Ljava/lang/ClassLoader;)Lscala/collection/immutable/List;+14
j  sbt.Tests$$$Lambda$6735.apply()Ljava/lang/Object;+12
J 20014 C1 sbt.std.Transform$$anon$3$$Lambda$2185.apply(Ljava/lang/Object;)Ljava/lang/Object; (12 bytes) @ 0x0000000115ec9144 [0x0000000115ec8e40+0x304]
J 24777 C2 sbt.CompletionService$$anon$2.call()Ljava/lang/Object; (10 bytes) @ 0x00000001173c49a0 [0x00000001173c42e0+0x6c0]
J 24795 C2 java.util.concurrent.Executors$RunnableAdapter.call()Ljava/lang/Object; (14 bytes) @ 0x00000001173c3a64 [0x00000001173c39a0+0xc4]
J 20615 C2 java.util.concurrent.FutureTask.run()V (126 bytes) @ 0x000000011801ccf4 [0x000000011801cc40+0xb4]
J 44657 C2 java.util.concurrent.ThreadPoolExecutor.runWorker(Ljava/util/concurrent/ThreadPoolExecutor$Worker;)V (225 bytes) @ 0x000000011b947ff4 [0x000000011b947d00+0x2f4]
J 26415 C1 java.util.concurrent.ThreadPoolExecutor$Worker.run()V (9 bytes) @ 0x00000001171728c4 [0x00000001171727c0+0x104]
J 24598 C1 java.lang.Thread.run()V (17 bytes) @ 0x0000000118f56a04 [0x0000000118f568c0+0x144]
v  ~StubRoutines::call_stub

---------------  P R O C E S S  ---------------

Java Threads: ( => current thread )
  0x00007fa95fc86800 JavaThread "data-plane-kafka-network-thread-0-ListenerName(PLAINTEXT)-PLAINTEXT-2" [_thread_in_native, id=49447, stack(0x00007000174e8000,0x00007000175e8000)]
  0x00007fa95a281000 JavaThread "data-plane-kafka-network-thread-0-ListenerName(PLAINTEXT)-PLAINTEXT-1" [_thread_in_native, id=32295, stack(0x00007000173e5000,0x00007000174e5000)]
  0x00007fa959776000 JavaThread "data-plane-kafka-network-thread-0-ListenerName(PLAINTEXT)-PLAINTEXT-0" [_thread_in_native, id=83239, stack(0x00007000172e2000,0x00007000173e2000)]
  0x00007fa95a0f2000 JavaThread "/config/changes-event-process-thread" [_thread_blocked, id=44327, stack(0x00007000171df000,0x00007000172df000)]
  0x00007fa95db39000 JavaThread "data-plane-kafka-request-handler-7" daemon [_thread_blocked, id=57811, stack(0x00007000170dc000,0x00007000171dc000)]
  0x00007fa95f1b5000 JavaThread "data-plane-kafka-request-handler-6" daemon [_thread_blocked, id=75815, stack(0x0000700016fd9000,0x00007000170d9000)]
  0x00007fa95f1b4000 JavaThread "data-plane-kafka-request-handler-5" daemon [_thread_blocked, id=84775, stack(0x0000700016ed6000,0x0000700016fd6000)]
  0x00007fa95a775800 JavaThread "data-plane-kafka-request-handler-4" daemon [_thread_blocked, id=77863, stack(0x0000700016cd0000,0x0000700016dd0000)]
  0x00007fa95a10c800 JavaThread "data-plane-kafka-request-handler-3" daemon [_thread_blocked, id=45863, stack(0x0000700016bcd000,0x0000700016ccd000)]
  0x00007fa95a07a000 JavaThread "data-plane-kafka-request-handler-2" daemon [_thread_blocked, id=25459, stack(0x0000700016aca000,0x0000700016bca000)]
  0x00007fa946ada000 JavaThread "data-plane-kafka-request-handler-1" daemon [_thread_blocked, id=41527, stack(0x00007000169c7000,0x0000700016ac7000)]
  0x00007fa955eda800 JavaThread "data-plane-kafka-request-handler-0" daemon [_thread_blocked, id=24631, stack(0x00007000168c4000,0x00007000169c4000)]
  0x00007fa95fc54000 JavaThread "kafka-scheduler-0" daemon [_thread_blocked, id=87079, stack(0x00007000167c1000,0x00007000168c1000)]
  0x00007fa94512b800 JavaThread "TxnMarkerSenderThread-0" [_thread_in_native, id=24895, stack(0x00007000166be000,0x00007000167be000)]
  0x00007fa955cd2800 JavaThread "transaction-log-manager-0" daemon [_thread_blocked, id=44583, stack(0x00007000165bb000,0x00007000166bb000)]
  0x00007fa959d1f800 JavaThread "Controller-0-to-broker-0-send-thread" [_thread_blocked, id=46887, stack(0x00007000164b8000,0x00007000165b8000)]
  0x00007fa9629a5800 JavaThread "group-metadata-manager-0" daemon [_thread_blocked, id=83751, stack(0x00007000163b5000,0x00007000164b5000)]
  0x00007fa95a142800 JavaThread "ExpirationReaper-0-Rebalance" [_thread_blocked, id=77351, stack(0x00007000162b2000,0x00007000163b2000)]
  0x00007fa95d996000 JavaThread "ExpirationReaper-0-Heartbeat" [_thread_blocked, id=56135, stack(0x00007000161af000,0x00007000162af000)]
  0x00007fa95f043800 JavaThread "ExpirationReaper-0-topic" [_thread_blocked, id=84007, stack(0x00007000160ac000,0x00007000161ac000)]
  0x00007fa95a309000 JavaThread "controller-event-thread" [_thread_blocked, id=34343, stack(0x0000700015fa9000,0x00007000160a9000)]
  0x00007fa95f042800 JavaThread "LogDirFailureHandler" [_thread_blocked, id=68955, stack(0x0000700015ea6000,0x0000700015fa6000)]
  0x00007fa95ba82800 JavaThread "kafka-scheduler-9" daemon [_thread_blocked, id=85031, stack(0x0000700015da3000,0x0000700015ea3000)]
  0x00007fa957ff3800 JavaThread "kafka-scheduler-8" daemon [_thread_blocked, id=76071, stack(0x0000700015ca0000,0x0000700015da0000)]
  0x00007fa956c3c000 JavaThread "kafka-scheduler-7" daemon [_thread_blocked, id=78119, stack(0x0000700015b9d000,0x0000700015c9d000)]
  0x00007fa957418000 JavaThread "kafka-scheduler-6" daemon [_thread_blocked, id=66643, stack(0x0000700015a9a000,0x0000700015b9a000)]
  0x00007fa95d98e000 JavaThread "kafka-scheduler-5" daemon [_thread_blocked, id=39255, stack(0x0000700015997000,0x0000700015a97000)]
  0x00007fa94691e000 JavaThread "ExpirationReaper-0-ElectPreferredLeader" [_thread_blocked, id=41319, stack(0x0000700015894000,0x0000700015994000)]
  0x00007fa95f6f8800 JavaThread "ExpirationReaper-0-DeleteRecords" [_thread_blocked, id=25971, stack(0x0000700015791000,0x0000700015891000)]
  0x00007fa9455dc800 JavaThread "ExpirationReaper-0-Fetch" [_thread_blocked, id=30871, stack(0x000070001568e000,0x000070001578e000)]
  0x00007fa94544f800 JavaThread "ExpirationReaper-0-Produce" [_thread_blocked, id=49155, stack(0x000070001558b000,0x000070001568b000)]
  0x00007fa95f182000 JavaThread "data-plane-kafka-socket-acceptor-ListenerName(PLAINTEXT)-PLAINTEXT-34563" [_thread_in_native, id=46395, stack(0x0000700015488000,0x0000700015588000)]
  0x00007fa95f2a1800 JavaThread "kafka-log-cleaner-thread-0" [_thread_blocked, id=69663, stack(0x0000700015385000,0x0000700015485000)]
  0x00007fa946b37800 JavaThread "kafka-scheduler-4" daemon [_thread_blocked, id=51503, stack(0x0000700015282000,0x0000700015382000)]
  0x00007fa95743c000 JavaThread "kafka-scheduler-3" daemon [_thread_blocked, id=75055, stack(0x000070001517f000,0x000070001527f000)]
  0x00007fa95bf1b000 JavaThread "kafka-scheduler-2" daemon [_thread_blocked, id=29503, stack(0x000070001507c000,0x000070001517c000)]
  0x00007fa9607f6000 JavaThread "kafka-scheduler-1" daemon [_thread_blocked, id=3431, stack(0x0000700014f79000,0x0000700015079000)]
  0x00007fa960074800 JavaThread "kafka-scheduler-0" daemon [_thread_blocked, id=44847, stack(0x0000700014e76000,0x0000700014f76000)]
  0x00007fa95f181000 JavaThread "ThrottledChannelReaper-Request" [_thread_blocked, id=40843, stack(0x0000700014d73000,0x0000700014e73000)]
  0x00007fa95a216800 JavaThread "ThrottledChannelReaper-Produce" [_thread_blocked, id=25659, stack(0x0000700014c70000,0x0000700014d70000)]
  0x00007fa95f17e000 JavaThread "ThrottledChannelReaper-Fetch" [_thread_blocked, id=38263, stack(0x0000700014b6d000,0x0000700014c6d000)]
  0x00007fa9577b8000 JavaThread "SensorExpiryThread" daemon [_thread_blocked, id=41035, stack(0x00007000124fb000,0x00007000125fb000)]
  0x00007fa95a9f8800 JavaThread "pool-247-thread-1-ScalaTest-running-BanditUpdaterSuite-EventThread" daemon [_thread_blocked, id=30267, stack(0x0000700014a6a000,0x0000700014b6a000)]
  0x00007fa94543a000 JavaThread "pool-247-thread-1-ScalaTest-running-BanditUpdaterSuite-SendThread(localhost:6000)" daemon [_thread_in_native, id=86823, stack(0x0000700014967000,0x0000700014a67000)]
  0x00007fa956c9e000 JavaThread "metrics-meter-tick-thread-2" daemon [_thread_blocked, id=48679, stack(0x0000700014864000,0x0000700014964000)]
  0x00007fa95fdea000 JavaThread "metrics-meter-tick-thread-1" daemon [_thread_blocked, id=64267, stack(0x0000700014761000,0x0000700014861000)]
  0x00007fa9554e4000 JavaThread "ProcessThread(sid:0 cport:6000):" [_thread_blocked, id=65803, stack(0x000070001465e000,0x000070001475e000)]
  0x00007fa95690f000 JavaThread "SyncThread:0" [_thread_blocked, id=59147, stack(0x0000700013f49000,0x0000700014049000)]
  0x00007fa95aa84000 JavaThread "SessionTracker" [_thread_blocked, id=59671, stack(0x0000700013937000,0x0000700013a37000)]
  0x00007fa961295800 JavaThread "NIOServerCxn.Factory:localhost/127.0.0.1:6000" daemon [_thread_in_native, id=87567, stack(0x0000700013428000,0x0000700013528000)]
  0x00007fa95fc9c800 JavaThread "Timer-10" [_thread_blocked, id=62223, stack(0x000070001311f000,0x000070001321f000)]
  0x00007fa962891000 JavaThread "ScalaTest-dispatcher" [_thread_blocked, id=58643, stack(0x00007000125fe000,0x00007000126fe000)]
  0x00007fa957c5f800 JavaThread "scala-execution-context-global-2023" daemon [_thread_blocked, id=38671, stack(0x0000700012e16000,0x0000700012f16000)]
  0x00007fa95f183000 JavaThread "scala-execution-context-global-2022" daemon [_thread_blocked, id=30011, stack(0x0000700012c10000,0x0000700012d10000)]
  0x00007fa957157800 JavaThread "scala-execution-context-global-2021" daemon [_thread_blocked, id=32855, stack(0x0000700012b0d000,0x0000700012c0d000)]
  0x00007fa95f2c7800 JavaThread "scala-execution-context-global-2020" daemon [_thread_blocked, id=69463, stack(0x0000700012a0a000,0x0000700012b0a000)]
  0x00007fa957124000 JavaThread "scala-execution-context-global-2018" daemon [_thread_blocked, id=26835, stack(0x0000700012907000,0x0000700012a07000)]
  0x00007fa95aab6000 JavaThread "pool-247-thread-11" [_thread_blocked, id=80179, stack(0x00007000122f5000,0x00007000123f5000)]
  0x00007fa95cbb4800 JavaThread "pool-247-thread-10" [_thread_blocked, id=66915, stack(0x0000700011fec000,0x00007000120ec000)]
  0x00007fa958194000 JavaThread "pool-247-thread-9" [_thread_blocked, id=84579, stack(0x0000700011ee9000,0x0000700011fe9000)]
  0x00007fa945118000 JavaThread "pool-247-thread-8" [_thread_blocked, id=27467, stack(0x0000700011de6000,0x0000700011ee6000)]
  0x00007fa945130000 JavaThread "pool-247-thread-7" [_thread_blocked, id=63507, stack(0x0000700011be0000,0x0000700011ce0000)]
  0x00007fa945230000 JavaThread "pool-247-thread-6" [_thread_blocked, id=60175, stack(0x0000700011add000,0x0000700011bdd000)]
  0x00007fa95b96c000 JavaThread "pool-247-thread-5" [_thread_blocked, id=63247, stack(0x00007000119da000,0x0000700011ada000)]
  0x00007fa95b271000 JavaThread "pool-247-thread-4" [_thread_blocked, id=68635, stack(0x00007000118d7000,0x00007000119d7000)]
  0x00007fa95ca24800 JavaThread "task-progress-report-thread" daemon [_thread_blocked, id=25111, stack(0x00007000117d4000,0x00007000118d4000)]
  0x00007fa955080800 JavaThread "pool-247-thread-3" [_thread_blocked, id=60691, stack(0x00007000116d1000,0x00007000117d1000)]
  0x00007fa95a78f000 JavaThread "pool-247-thread-2" [_thread_blocked, id=49763, stack(0x00007000115ce000,0x00007000116ce000)]
=>0x00007fa944dfd800 JavaThread "pool-247-thread-1-ScalaTest-running-BanditUpdaterSuite" [_thread_in_native, id=64019, stack(0x00007000114cb000,0x00007000115cb000)]
  0x00007fa955de9000 JavaThread "process reaper" daemon [_thread_blocked, id=36231, stack(0x000070000fb7d000,0x000070000fba5000)]
  0x00007fa95c98d800 JavaThread "Thread-183" [_thread_in_native, id=60939, stack(0x000070001301c000,0x000070001311c000)]
  0x00007fa95dc0a800 JavaThread "Thread-182" [_thread_in_native, id=64779, stack(0x0000700012f19000,0x0000700013019000)]
  0x00007fa945625000 JavaThread "scala-execution-context-global-1981" daemon [_thread_blocked, id=61707, stack(0x0000700012701000,0x0000700012801000)]
  0x00007fa96049a000 JavaThread "process reaper" daemon [_thread_in_native, id=3099, stack(0x000070000fb52000,0x000070000fb7a000)]
  0x00007fa95f348800 JavaThread "metrics-meter-tick-thread-2" daemon [_thread_blocked, id=37151, stack(0x000070001455b000,0x000070001465b000)]
  0x00007fa95a00b000 JavaThread "metrics-meter-tick-thread-1" daemon [_thread_blocked, id=44067, stack(0x0000700014458000,0x0000700014558000)]
  0x00007fa95ff9b000 JavaThread "metrics-meter-tick-thread-2" daemon [_thread_blocked, id=31803, stack(0x0000700014355000,0x0000700014455000)]
  0x00007fa9595df800 JavaThread "metrics-meter-tick-thread-1" daemon [_thread_blocked, id=70671, stack(0x0000700014252000,0x0000700014352000)]
  0x00007fa956c9f800 JavaThread "pool-206-thread-2" [_thread_blocked, id=23167, stack(0x00007000121f2000,0x00007000122f2000)]
  0x00007fa957128000 JavaThread "pool-206-thread-1" [_thread_blocked, id=72987, stack(0x0000700016dd3000,0x0000700016ed3000)]
  0x00007fa95f145000 JavaThread "metrics-meter-tick-thread-2" daemon [_thread_blocked, id=54603, stack(0x0000700013e46000,0x0000700013f46000)]
  0x00007fa955f66800 JavaThread "metrics-meter-tick-thread-1" daemon [_thread_blocked, id=27999, stack(0x0000700013d43000,0x0000700013e43000)]
  0x00007fa95a7a8800 JavaThread "ScalaTest-dispatcher" [_thread_blocked, id=41799, stack(0x0000700012d13000,0x0000700012e13000)]
  0x00007fa946956800 JavaThread "metrics-meter-tick-thread-2" daemon [_thread_blocked, id=40483, stack(0x000070001414f000,0x000070001424f000)]
  0x00007fa95a00b800 JavaThread "metrics-meter-tick-thread-1" daemon [_thread_blocked, id=26419, stack(0x000070001404c000,0x000070001414c000)]
  0x00007fa95a5ea800 JavaThread "sbt-web-akka.actor.default-dispatcher-4" [_thread_blocked, id=74551, stack(0x00007000120ef000,0x00007000121ef000)]
  0x00007fa95d994000 JavaThread "sbt-web-scheduler-1" [_thread_blocked, id=29759, stack(0x0000700011ce3000,0x0000700011de3000)]
  0x00007fa95ada8000 JavaThread "metrics-meter-tick-thread-2" daemon [_thread_blocked, id=29239, stack(0x0000700013c40000,0x0000700013d40000)]
  0x00007fa95fc9e000 JavaThread "metrics-meter-tick-thread-1" daemon [_thread_blocked, id=52763, stack(0x00007000123f8000,0x00007000124f8000)]
  0x00007fa95bf99800 JavaThread "metrics-meter-tick-thread-2" daemon [_thread_blocked, id=48911, stack(0x0000700013b3d000,0x0000700013c3d000)]
  0x00007fa95be6e800 JavaThread "metrics-meter-tick-thread-1" daemon [_thread_blocked, id=76559, stack(0x0000700013a3a000,0x0000700013b3a000)]
  0x00007fa956835800 JavaThread "metrics-meter-tick-thread-2" daemon [_thread_blocked, id=85771, stack(0x0000700013834000,0x0000700013934000)]
  0x00007fa960175000 JavaThread "metrics-meter-tick-thread-1" daemon [_thread_blocked, id=80395, stack(0x0000700013731000,0x0000700013831000)]
  0x00007fa95ccae000 JavaThread "metrics-meter-tick-thread-2" daemon [_thread_blocked, id=33031, stack(0x000070001362e000,0x000070001372e000)]
  0x00007fa95ccad800 JavaThread "metrics-meter-tick-thread-1" daemon [_thread_blocked, id=33287, stack(0x000070001352b000,0x000070001362b000)]
  0x00007fa956b83000 JavaThread "metrics-meter-tick-thread-2" daemon [_thread_blocked, id=31491, stack(0x0000700013325000,0x0000700013425000)]
  0x00007fa956e99800 JavaThread "metrics-meter-tick-thread-1" daemon [_thread_blocked, id=31235, stack(0x0000700013222000,0x0000700013322000)]
  0x00007fa95a07b000 JavaThread "Timer-0" daemon [_thread_blocked, id=37895, stack(0x0000700012804000,0x0000700012904000)]
  0x00007fa957839800 JavaThread "classloader-cache-cleanup-0" daemon [_thread_blocked, id=23299, stack(0x00007000113c8000,0x00007000114c8000)]
  0x00007fa955024000 JavaThread "Service Thread" daemon [_thread_blocked, id=42755, stack(0x0000700011197000,0x0000700011297000)]
  0x00007fa95502b000 JavaThread "C1 CompilerThread3" daemon [_thread_blocked, id=43011, stack(0x0000700011094000,0x0000700011194000)]
  0x00007fa957028800 JavaThread "C2 CompilerThread2" daemon [_thread_blocked, id=21763, stack(0x0000700010f91000,0x0000700011091000)]
  0x00007fa957028000 JavaThread "C2 CompilerThread1" daemon [_thread_blocked, id=16387, stack(0x0000700010e8e000,0x0000700010f8e000)]
  0x00007fa957027000 JavaThread "C2 CompilerThread0" daemon [_thread_blocked, id=15875, stack(0x0000700010d8b000,0x0000700010e8b000)]
  0x00007fa95700c800 JavaThread "Signal Dispatcher" daemon [_thread_blocked, id=17155, stack(0x0000700010c88000,0x0000700010d88000)]
  0x00007fa95700c000 JavaThread "Surrogate Locker Thread (Concurrent GC)" daemon [_thread_blocked, id=13839, stack(0x0000700010b85000,0x0000700010c85000)]
  0x00007fa957007800 JavaThread "Finalizer" daemon [_thread_blocked, id=18435, stack(0x0000700010a82000,0x0000700010b82000)]
  0x00007fa956806800 JavaThread "Reference Handler" daemon [_thread_blocked, id=18691, stack(0x000070001097f000,0x0000700010a7f000)]
  0x00007fa95480d000 JavaThread "main" [_thread_blocked, id=10243, stack(0x000070000fc58000,0x000070000fd58000)]

Other Threads:
  0x00007fa9548c6000 VMThread [stack: 0x000070001087c000,0x000070001097c000] [id=19203]
  0x00007fa95700b000 WatcherThread [stack: 0x000070001129a000,0x000070001139a000] [id=42499]

VM state:not at safepoint (normal execution)

VM Mutex/Monitor currently owned by a thread: None

Heap:
 par new generation   total 613440K, used 263627K [0x0000000640000000, 0x0000000669990000, 0x0000000669990000)
  eden space 545344K,  38% used [0x0000000640000000, 0x000000064cee3830, 0x0000000661490000)
  from space 68096K,  76% used [0x0000000661490000, 0x000000066471f698, 0x0000000665710000)
  to   space 68096K,   0% used [0x0000000665710000, 0x0000000665710000, 0x0000000669990000)
 concurrent mark-sweep generation total 510460K, used 249084K [0x0000000669990000, 0x0000000688c0f000, 0x00000007c0000000)
 Metaspace       used 507372K, capacity 572967K, committed 573272K, reserved 1554432K
  class space    used 64561K, capacity 68313K, committed 68436K, reserved 1048576K

Card table byte_map: [0x000000010fdd6000,0x00000001109d7000] byte_map_base: 0x000000010cbd6000

Marking Bits: (CMSBitMap*) 0x00007fa954875f48
 Bits: [0x00000001245ed000, 0x0000000129b86c00)

Mod Union Table: (CMSBitMap*) 0x00007fa954876008
 Bits: [0x0000000111c8b000, 0x0000000111de1670)

Polling page: 0x000000010d9ca000

CodeCache: size=256000Kb used=120560Kb max_used=121459Kb free=135439Kb
 bounds [0x0000000114bed000, 0x000000011c38d000, 0x00000001245ed000]
 total_blobs=36655 nmethods=35457 adapters=1098
 compilation: enabled

Compilation events (10 events):
Event: 8652.651 Thread 0x00007fa95502b000 47951       3       com.typesafe.config.impl.SimpleConfigObject$RenderComparator::compare (13 bytes)
Event: 8652.653 Thread 0x00007fa95502b000 nmethod 47951 0x0000000118351350 code [0x00000001183514e0, 0x00000001183518a8]
Event: 8652.653 Thread 0x00007fa95502b000 47952       3       com.typesafe.config.impl.SimpleConfigObject$RenderComparator::compare (59 bytes)
Event: 8652.653 Thread 0x00007fa95502b000 nmethod 47952 0x0000000118350990 code [0x0000000118350b60, 0x0000000118351118]
Event: 8652.709 Thread 0x00007fa95502b000 47959       3       org.apache.kafka.common.metrics.stats.Avg::update (11 bytes)
Event: 8652.709 Thread 0x00007fa95502b000 nmethod 47959 0x00000001183505d0 code [0x0000000118350740, 0x00000001183508b0]
Event: 8652.755 Thread 0x00007fa957027000 47960   !   4       com.typesafe.config.impl.Tokenizer$TokenIterator::nextCharRaw (70 bytes)
Event: 8652.757 Thread 0x00007fa95502b000 47961       3       com.typesafe.config.impl.Tokenizer$TokenIterator::pullUnquotedText (169 bytes)
Event: 8652.760 Thread 0x00007fa95502b000 nmethod 47961 0x00000001175c4a90 code [0x00000001175c4fc0, 0x00000001175c84a8]
Event: 8652.762 Thread 0x00007fa957027000 nmethod 47960 0x0000000118344f90 code [0x0000000118345140, 0x0000000118345bc8]

GC Heap History (10 events):
Event: 3327.091 GC heap before
{Heap before GC invocations=35 (full 14):
 par new generation   total 613440K, used 1286K [0x0000000640000000, 0x0000000669990000, 0x0000000669990000)
  eden space 545344K,   0% used [0x0000000640000000, 0x0000000640141868, 0x0000000661490000)
  from space 68096K,   0% used [0x0000000661490000, 0x0000000661490000, 0x0000000665710000)
  to   space 68096K,   0% used [0x0000000665710000, 0x0000000665710000, 0x0000000669990000)
 concurrent mark-sweep generation total 510460K, used 271073K [0x0000000669990000, 0x0000000688c0f000, 0x00000007c0000000)
 Metaspace       used 477426K, capacity 539197K, committed 539992K, reserved 1525760K
  class space    used 61062K, capacity 64383K, committed 64596K, reserved 1048576K
Event: 3328.759 GC heap after
Heap after GC invocations=36 (full 15):
 par new generation   total 613440K, used 0K [0x0000000640000000, 0x0000000669990000, 0x0000000669990000)
  eden space 545344K,   0% used [0x0000000640000000, 0x0000000640000000, 0x0000000661490000)
  from space 68096K,   0% used [0x0000000661490000, 0x0000000661490000, 0x0000000665710000)
  to   space 68096K,   0% used [0x0000000665710000, 0x0000000665710000, 0x0000000669990000)
 concurrent mark-sweep generation total 510460K, used 251215K [0x0000000669990000, 0x0000000688c0f000, 0x00000007c0000000)
 Metaspace       used 477426K, capacity 539197K, committed 539992K, reserved 1525760K
  class space    used 61062K, capacity 64383K, committed 64596K, reserved 1048576K
}
Event: 8568.783 GC heap before
{Heap before GC invocations=36 (full 15):
 par new generation   total 613440K, used 57833K [0x0000000640000000, 0x0000000669990000, 0x0000000669990000)
  eden space 545344K,  10% used [0x0000000640000000, 0x000000064387a5b0, 0x0000000661490000)
  from space 68096K,   0% used [0x0000000661490000, 0x0000000661490000, 0x0000000665710000)
  to   space 68096K,   0% used [0x0000000665710000, 0x0000000665710000, 0x0000000669990000)
 concurrent mark-sweep generation total 510460K, used 251215K [0x0000000669990000, 0x0000000688c0f000, 0x00000007c0000000)
 Metaspace       used 477426K, capacity 539197K, committed 539992K, reserved 1525760K
  class space    used 61062K, capacity 64383K, committed 64596K, reserved 1048576K
Event: 8571.490 GC heap after
Heap after GC invocations=37 (full 16):
 par new generation   total 613440K, used 0K [0x0000000640000000, 0x0000000669990000, 0x0000000669990000)
  eden space 545344K,   0% used [0x0000000640000000, 0x0000000640000000, 0x0000000661490000)
  from space 68096K,   0% used [0x0000000661490000, 0x0000000661490000, 0x0000000665710000)
  to   space 68096K,   0% used [0x0000000665710000, 0x0000000665710000, 0x0000000669990000)
 concurrent mark-sweep generation total 510460K, used 251347K [0x0000000669990000, 0x0000000688c0f000, 0x00000007c0000000)
 Metaspace       used 477426K, capacity 539197K, committed 539992K, reserved 1525760K
  class space    used 61062K, capacity 64383K, committed 64596K, reserved 1048576K
}
Event: 8571.490 GC heap before
{Heap before GC invocations=37 (full 16):
 par new generation   total 613440K, used 692K [0x0000000640000000, 0x0000000669990000, 0x0000000669990000)
  eden space 545344K,   0% used [0x0000000640000000, 0x00000006400ad050, 0x0000000661490000)
  from space 68096K,   0% used [0x0000000661490000, 0x0000000661490000, 0x0000000665710000)
  to   space 68096K,   0% used [0x0000000665710000, 0x0000000665710000, 0x0000000669990000)
 concurrent mark-sweep generation total 510460K, used 251347K [0x0000000669990000, 0x0000000688c0f000, 0x00000007c0000000)
 Metaspace       used 477426K, capacity 539197K, committed 539992K, reserved 1525760K
  class space    used 61062K, capacity 64383K, committed 64596K, reserved 1048576K
Event: 8572.441 GC heap after
Heap after GC invocations=38 (full 17):
 par new generation   total 613440K, used 0K [0x0000000640000000, 0x0000000669990000, 0x0000000669990000)
  eden space 545344K,   0% used [0x0000000640000000, 0x0000000640000000, 0x0000000661490000)
  from space 68096K,   0% used [0x0000000661490000, 0x0000000661490000, 0x0000000665710000)
  to   space 68096K,   0% used [0x0000000665710000, 0x0000000665710000, 0x0000000669990000)
 concurrent mark-sweep generation total 510460K, used 239269K [0x0000000669990000, 0x0000000688c0f000, 0x00000007c0000000)
 Metaspace       used 477338K, capacity 539031K, committed 539992K, reserved 1525760K
  class space    used 61044K, capacity 64350K, committed 64596K, reserved 1048576K
}
Event: 8590.477 GC heap before
{Heap before GC invocations=38 (full 17):
 par new generation   total 613440K, used 545344K [0x0000000640000000, 0x0000000669990000, 0x0000000669990000)
  eden space 545344K, 100% used [0x0000000640000000, 0x0000000661490000, 0x0000000661490000)
  from space 68096K,   0% used [0x0000000661490000, 0x0000000661490000, 0x0000000665710000)
  to   space 68096K,   0% used [0x0000000665710000, 0x0000000665710000, 0x0000000669990000)
 concurrent mark-sweep generation total 510460K, used 239269K [0x0000000669990000, 0x0000000688c0f000, 0x00000007c0000000)
 Metaspace       used 478259K, capacity 540361K, committed 540888K, reserved 1525760K
  class space    used 61142K, capacity 64565K, committed 64724K, reserved 1048576K
Event: 8590.630 GC heap after
Heap after GC invocations=39 (full 17):
 par new generation   total 613440K, used 54524K [0x0000000640000000, 0x0000000669990000, 0x0000000669990000)
  eden space 545344K,   0% used [0x0000000640000000, 0x0000000640000000, 0x0000000661490000)
  from space 68096K,  80% used [0x0000000665710000, 0x0000000668c4f1b0, 0x0000000669990000)
  to   space 68096K,   0% used [0x0000000661490000, 0x0000000661490000, 0x0000000665710000)
 concurrent mark-sweep generation total 510460K, used 239269K [0x0000000669990000, 0x0000000688c0f000, 0x00000007c0000000)
 Metaspace       used 478259K, capacity 540361K, committed 540888K, reserved 1525760K
  class space    used 61142K, capacity 64565K, committed 64724K, reserved 1048576K
}
Event: 8650.746 GC heap before
{Heap before GC invocations=39 (full 17):
 par new generation   total 613440K, used 599868K [0x0000000640000000, 0x0000000669990000, 0x0000000669990000)
  eden space 545344K, 100% used [0x0000000640000000, 0x0000000661490000, 0x0000000661490000)
  from space 68096K,  80% used [0x0000000665710000, 0x0000000668c4f1b0, 0x0000000669990000)
  to   space 68096K,   0% used [0x0000000661490000, 0x0000000661490000, 0x0000000665710000)
 concurrent mark-sweep generation total 510460K, used 239269K [0x0000000669990000, 0x0000000688c0f000, 0x00000007c0000000)
 Metaspace       used 493220K, capacity 556301K, committed 556632K, reserved 1540096K
  class space    used 62717K, capacity 66273K, committed 66388K, reserved 1048576K
Event: 8650.821 GC heap after
Heap after GC invocations=40 (full 17):
 par new generation   total 613440K, used 51773K [0x0000000640000000, 0x0000000669990000, 0x0000000669990000)
  eden space 545344K,   0% used [0x0000000640000000, 0x0000000640000000, 0x0000000661490000)
  from space 68096K,  76% used [0x0000000661490000, 0x000000066471f698, 0x0000000665710000)
  to   space 68096K,   0% used [0x0000000665710000, 0x0000000665710000, 0x0000000669990000)
 concurrent mark-sweep generation total 510460K, used 249084K [0x0000000669990000, 0x0000000688c0f000, 0x00000007c0000000)
 Metaspace       used 493220K, capacity 556301K, committed 556632K, reserved 1540096K
  class space    used 62717K, capacity 66273K, committed 66388K, reserved 1048576K
}

Deoptimization events (10 events):
Event: 8652.359 Thread 0x00007fa946ada000 Uncommon trap: reason=class_check action=maybe_recompile pc=0x0000000119e079c4 method=scala.runtime.BoxesRunTime.equalsNumNum(Ljava/lang/Number;Ljava/lang/Number;)Z @ 74
Event: 8652.367 Thread 0x00007fa946e76000 Uncommon trap: reason=bimorphic action=maybe_recompile pc=0x0000000118ecb05c method=java.util.ArrayList.forEach(Ljava/util/function/Consumer;)V @ 47
Event: 8652.370 Thread 0x00007fa944dfd800 Uncommon trap: reason=class_check action=maybe_recompile pc=0x0000000116d063a4 method=java.io.DataOutputStream.write(I)V @ 5
Event: 8652.373 Thread 0x00007fa95db39000 Uncommon trap: reason=class_check action=maybe_recompile pc=0x0000000119e079c4 method=scala.runtime.BoxesRunTime.equalsNumNum(Ljava/lang/Number;Ljava/lang/Number;)Z @ 74
Event: 8652.381 Thread 0x00007fa95b5d2800 Uncommon trap: reason=bimorphic action=maybe_recompile pc=0x0000000118ecb05c method=java.util.ArrayList.forEach(Ljava/util/function/Consumer;)V @ 47
Event: 8652.384 Thread 0x00007fa944dfd800 Uncommon trap: reason=class_check action=maybe_recompile pc=0x0000000116d063a4 method=java.io.DataOutputStream.write(I)V @ 5
Event: 8652.752 Thread 0x00007fa944dfd800 Uncommon trap: reason=class_check action=maybe_recompile pc=0x00000001170ef88c method=com.typesafe.config.impl.Tokenizer$TokenIterator.nextCharRaw()I @ 14
Event: 8652.752 Thread 0x00007fa944dfd800 Uncommon trap: reason=class_check action=maybe_recompile pc=0x00000001170ef88c method=com.typesafe.config.impl.Tokenizer$TokenIterator.nextCharRaw()I @ 14
Event: 8652.752 Thread 0x00007fa944dfd800 Uncommon trap: reason=class_check action=maybe_recompile pc=0x00000001170ef88c method=com.typesafe.config.impl.Tokenizer$TokenIterator.nextCharRaw()I @ 14
Event: 8652.753 Thread 0x00007fa944dfd800 Uncommon trap: reason=class_check action=maybe_recompile pc=0x00000001170ef88c method=com.typesafe.config.impl.Tokenizer$TokenIterator.nextCharRaw()I @ 14

Classes redefined (0 events):
No events

Internal exceptions (10 events):
Event: 8652.286 Thread 0x00007fa95db39000 Exception <a 'java/lang/NoSuchMethodError': java.lang.Object.$anonfun$iterableAsScalaIterableConverter$1(Lscala/collection/convert/DecorateAsScala;Ljava/lang/Iterable;)Lscala/collection/Iterable;> (0x000000064a438680) thrown at [/Users/java_re/workspace/8
Event: 8652.721 Thread 0x00007fa944dfd800 Exception <a 'java/lang/NoSuchMethodError': java.lang.Object.$anonfun$ensure$1(Lcats/MonadError;Lscala/Function1;Lscala/Function0;Ljava/lang/Object;)Ljava/lang/Object;> (0x000000064c7fb790) thrown at [/Users/java_re/workspace/8-2-build-macosx-x86_64/jdk8u
Event: 8652.795 Thread 0x00007fa944dfd800 Exception <a 'java/lang/NoSuchMethodError': java.lang.Object.$anonfun$map2Eval$1(Lcats/Apply;Ljava/lang/Object;Lscala/Function2;Ljava/lang/Object;)Ljava/lang/Object;> (0x000000064cd06f38) thrown at [/Users/java_re/workspace/8-2-build-macosx-x86_64/jdk8u16
Event: 8652.797 Thread 0x00007fa944dfd800 Exception <a 'java/lang/NoSuchMethodError': java.lang.Object.$anonfun$map2$1(Lcats/FlatMap;Ljava/lang/Object;Lscala/Function2;Ljava/lang/Object;)Ljava/lang/Object;> (0x000000064cd1ab10) thrown at [/Users/java_re/workspace/8-2-build-macosx-x86_64/jdk8u161/
Event: 8652.798 Thread 0x00007fa944dfd800 Exception <a 'java/lang/NoSuchMethodError': java.lang.Object.$anonfun$map2$2(Lscala/Function2;Ljava/lang/Object;Ljava/lang/Object;)Ljava/lang/Object;> (0x000000064cd2b7f8) thrown at [/Users/java_re/workspace/8-2-build-macosx-x86_64/jdk8u161/10277/hotspot/
Event: 8652.821 Thread 0x00007fa944dfd800 Exception <a 'java/lang/NoSuchMethodError': java.lang.Object.$anonfun$tuple2$1(Ljava/lang/Object;Ljava/lang/Object;)Lscala/Tuple2;> (0x000000064ce0a750) thrown at [/Users/java_re/workspace/8-2-build-macosx-x86_64/jdk8u161/10277/hotspot/src/share/vm/interp
Event: 8652.821 Thread 0x00007fa944dfd800 Exception <a 'java/lang/NoSuchMethodError': java.lang.Object.$anonfun$tuple2$2(Lscala/Tuple2;)Lscala/Tuple2;> (0x000000064ce0ecd0) thrown at [/Users/java_re/workspace/8-2-build-macosx-x86_64/jdk8u161/10277/hotspot/src/share/vm/interpreter/linkResolver.cpp
Event: 8652.822 Thread 0x00007fa944dfd800 Exception <a 'java/lang/NoSuchMethodError': java.lang.Object.$anonfun$product$1(Lcats/FlatMap;Ljava/lang/Object;Ljava/lang/Object;)Ljava/lang/Object;> (0x000000064ce13168) thrown at [/Users/java_re/workspace/8-2-build-macosx-x86_64/jdk8u161/10277/hotspot/
Event: 8652.822 Thread 0x00007fa944dfd800 Exception <a 'java/lang/NoSuchMethodError': java.lang.Object.$anonfun$imap2$1(Lscala/Function2;Lscala/Tuple2;)Ljava/lang/Object;> (0x000000064ce17950) thrown at [/Users/java_re/workspace/8-2-build-macosx-x86_64/jdk8u161/10277/hotspot/src/share/vm/interpre
Event: 8652.822 Thread 0x00007fa944dfd800 Exception <a 'java/lang/NoSuchMethodError': java.lang.Object.$anonfun$imap2$2(Lscala/Function1;Ljava/lang/Object;)Lscala/Tuple2;> (0x000000064ce1bfb0) thrown at [/Users/java_re/workspace/8-2-build-macosx-x86_64/jdk8u161/10277/hotspot/src/share/vm/interpre

Events (10 events):
Event: 8652.823 loading class com/typesafe/config/Config
Event: 8652.823 loading class com/typesafe/config/Config done
Event: 8652.823 loading class com/typesafe/config/Config
Event: 8652.823 loading class com/typesafe/config/Config done
Event: 8652.823 loading class cats/effect/Async
Event: 8652.823 loading class cats/effect/Async done
Event: 8652.823 loading class com/typesafe/config/Config
Event: 8652.823 loading class com/typesafe/config/Config done
Event: 8652.823 loading class cats/effect/Async
Event: 8652.823 loading class cats/effect/Async done


Dynamic libraries:
0x000000002a5b9000 	/System/Library/Frameworks/Cocoa.framework/Versions/A/Cocoa
0x000000002a5b9000 	/System/Library/Frameworks/Security.framework/Versions/A/Security
0x000000002a5b9000 	/System/Library/Frameworks/ApplicationServices.framework/Versions/A/ApplicationServices
0x000000002a5b9000 	/usr/lib/libz.1.dylib
0x000000002a5b9000 	/usr/lib/libSystem.B.dylib
0x000000002a5b9000 	/usr/lib/libobjc.A.dylib
0x000000002a5b9000 	/System/Library/Frameworks/CoreFoundation.framework/Versions/A/CoreFoundation
0x000000002a5b9000 	/System/Library/Frameworks/Foundation.framework/Versions/C/Foundation
0x000000002a5b9000 	/System/Library/Frameworks/AppKit.framework/Versions/C/AppKit
0x000000002a5b9000 	/System/Library/Frameworks/CoreData.framework/Versions/A/CoreData
0x000000002a5b9000 	/System/Library/PrivateFrameworks/RemoteViewServices.framework/Versions/A/RemoteViewServices
0x000000002a5b9000 	/System/Library/PrivateFrameworks/UIFoundation.framework/Versions/A/UIFoundation
0x000000002a5b9000 	/System/Library/PrivateFrameworks/DFRFoundation.framework/Versions/A/DFRFoundation
0x000000002a5b9000 	/System/Library/Frameworks/Metal.framework/Versions/A/Metal
0x000000002a5b9000 	/System/Library/PrivateFrameworks/DesktopServicesPriv.framework/Versions/A/DesktopServicesPriv
0x000000002a5b9000 	/usr/lib/libenergytrace.dylib
0x000000002a5b9000 	/System/Library/PrivateFrameworks/SkyLight.framework/Versions/A/SkyLight
0x000000002a5b9000 	/System/Library/Frameworks/CoreGraphics.framework/Versions/A/CoreGraphics
0x000000002a5b9000 	/usr/lib/libScreenReader.dylib
0x000000002a5b9000 	/System/Library/Frameworks/Accelerate.framework/Versions/A/Accelerate
0x000000002a5b9000 	/System/Library/Frameworks/IOSurface.framework/Versions/A/IOSurface
0x000000002a5b9000 	/System/Library/Frameworks/AudioToolbox.framework/Versions/A/AudioToolbox
0x000000002a5b9000 	/System/Library/Frameworks/AudioUnit.framework/Versions/A/AudioUnit
0x000000002a5b9000 	/System/Library/PrivateFrameworks/DataDetectorsCore.framework/Versions/A/DataDetectorsCore
0x000000002a5b9000 	/System/Library/Frameworks/Carbon.framework/Versions/A/Frameworks/HIToolbox.framework/Versions/A/HIToolbox
0x000000002a5b9000 	/usr/lib/libicucore.A.dylib
0x000000002a5b9000 	/System/Library/Frameworks/QuartzCore.framework/Versions/A/QuartzCore
0x000000002a5b9000 	/System/Library/PrivateFrameworks/SignpostNotification.framework/Versions/A/SignpostNotification
0x000000002a5b9000 	/System/Library/Frameworks/Carbon.framework/Versions/A/Frameworks/SpeechRecognition.framework/Versions/A/SpeechRecognition
0x000000002a5b9000 	/usr/lib/libauto.dylib
0x000000002a5b9000 	/usr/lib/libxml2.2.dylib
0x000000002a5b9000 	/System/Library/PrivateFrameworks/CoreUI.framework/Versions/A/CoreUI
0x000000002a5b9000 	/System/Library/Frameworks/CoreAudio.framework/Versions/A/CoreAudio
0x000000002a5b9000 	/System/Library/Frameworks/DiskArbitration.framework/Versions/A/DiskArbitration
0x000000002a5b9000 	/usr/lib/liblangid.dylib
0x000000002a5b9000 	/System/Library/PrivateFrameworks/MultitouchSupport.framework/Versions/A/MultitouchSupport
0x000000002a5b9000 	/System/Library/Frameworks/IOKit.framework/Versions/A/IOKit
0x000000002a5b9000 	/usr/lib/libDiagnosticMessagesClient.dylib
0x000000002a5b9000 	/System/Library/Frameworks/CoreServices.framework/Versions/A/CoreServices
0x000000002a5b9000 	/System/Library/PrivateFrameworks/PerformanceAnalysis.framework/Versions/A/PerformanceAnalysis
0x000000002a5b9000 	/System/Library/Frameworks/OpenGL.framework/Versions/A/OpenGL
0x000000002a5b9000 	/System/Library/Frameworks/ColorSync.framework/Versions/A/ColorSync
0x000000002a5b9000 	/System/Library/Frameworks/CoreImage.framework/Versions/A/CoreImage
0x000000002a5b9000 	/System/Library/Frameworks/CoreText.framework/Versions/A/CoreText
0x000000002a5b9000 	/System/Library/Frameworks/ImageIO.framework/Versions/A/ImageIO
0x000000002a5b9000 	/System/Library/PrivateFrameworks/Backup.framework/Versions/A/Backup
0x000000002a5b9000 	/usr/lib/libarchive.2.dylib
0x000000002a5b9000 	/System/Library/Frameworks/CFNetwork.framework/Versions/A/CFNetwork
0x000000002a5b9000 	/System/Library/Frameworks/SystemConfiguration.framework/Versions/A/SystemConfiguration
0x000000002a5b9000 	/usr/lib/libCRFSuite.dylib
0x000000002a5b9000 	/usr/lib/libc++.1.dylib
0x000000002a5b9000 	/usr/lib/libc++abi.dylib
0x000000002a5b9000 	/usr/lib/system/libcache.dylib
0x000000002a5b9000 	/usr/lib/system/libcommonCrypto.dylib
0x000000002a5b9000 	/usr/lib/system/libcompiler_rt.dylib
0x000000002a5b9000 	/usr/lib/system/libcopyfile.dylib
0x000000002a5b9000 	/usr/lib/system/libcorecrypto.dylib
0x000000002a5b9000 	/usr/lib/system/libdispatch.dylib
0x000000002a5b9000 	/usr/lib/system/libdyld.dylib
0x000000002a5b9000 	/usr/lib/system/libkeymgr.dylib
0x000000002a5b9000 	/usr/lib/system/liblaunch.dylib
0x000000002a5b9000 	/usr/lib/system/libmacho.dylib
0x000000002a5b9000 	/usr/lib/system/libquarantine.dylib
0x000000002a5b9000 	/usr/lib/system/libremovefile.dylib
0x000000002a5b9000 	/usr/lib/system/libsystem_asl.dylib
0x000000002a5b9000 	/usr/lib/system/libsystem_blocks.dylib
0x000000002a5b9000 	/usr/lib/system/libsystem_c.dylib
0x000000002a5b9000 	/usr/lib/system/libsystem_configuration.dylib
0x000000002a5b9000 	/usr/lib/system/libsystem_coreservices.dylib
0x000000002a5b9000 	/usr/lib/system/libsystem_darwin.dylib
0x000000002a5b9000 	/usr/lib/system/libsystem_dnssd.dylib
0x000000002a5b9000 	/usr/lib/system/libsystem_info.dylib
0x000000002a5b9000 	/usr/lib/system/libsystem_m.dylib
0x000000002a5b9000 	/usr/lib/system/libsystem_malloc.dylib
0x000000002a5b9000 	/usr/lib/system/libsystem_network.dylib
0x000000002a5b9000 	/usr/lib/system/libsystem_networkextension.dylib
0x000000002a5b9000 	/usr/lib/system/libsystem_notify.dylib
0x000000002a5b9000 	/usr/lib/system/libsystem_sandbox.dylib
0x000000002a5b9000 	/usr/lib/system/libsystem_secinit.dylib
0x000000002a5b9000 	/usr/lib/system/libsystem_kernel.dylib
0x000000002a5b9000 	/usr/lib/system/libsystem_platform.dylib
0x000000002a5b9000 	/usr/lib/system/libsystem_pthread.dylib
0x000000002a5b9000 	/usr/lib/system/libsystem_symptoms.dylib
0x000000002a5b9000 	/usr/lib/system/libsystem_trace.dylib
0x000000002a5b9000 	/usr/lib/system/libunwind.dylib
0x000000002a5b9000 	/usr/lib/system/libxpc.dylib
0x000000002a5b9000 	/usr/lib/closure/libclosured.dylib
0x000000002a5b9000 	/usr/lib/libbsm.0.dylib
0x000000002a5b9000 	/usr/lib/system/libkxld.dylib
0x000000002a5b9000 	/usr/lib/libOpenScriptingUtil.dylib
0x000000002a5b9000 	/usr/lib/libcoretls.dylib
0x000000002a5b9000 	/usr/lib/libcoretls_cfhelpers.dylib
0x000000002a5b9000 	/usr/lib/libpam.2.dylib
0x000000002a5b9000 	/usr/lib/libsqlite3.dylib
0x000000002a5b9000 	/usr/lib/libxar.1.dylib
0x000000002a5b9000 	/usr/lib/libbz2.1.0.dylib
0x000000002a5b9000 	/usr/lib/liblzma.5.dylib
0x000000002a5b9000 	/usr/lib/libnetwork.dylib
0x000000002a5b9000 	/usr/lib/libapple_nghttp2.dylib
0x000000002a5b9000 	/usr/lib/libpcap.A.dylib
0x000000002a5b9000 	/usr/lib/libboringssl.dylib
0x000000002a5b9000 	/usr/lib/libusrtcp.dylib
0x000000002a5b9000 	/usr/lib/libapple_crypto.dylib
0x000000002a5b9000 	/System/Library/Frameworks/CoreServices.framework/Versions/A/Frameworks/FSEvents.framework/Versions/A/FSEvents
0x000000002a5b9000 	/System/Library/Frameworks/CoreServices.framework/Versions/A/Frameworks/CarbonCore.framework/Versions/A/CarbonCore
0x000000002a5b9000 	/System/Library/Frameworks/CoreServices.framework/Versions/A/Frameworks/Metadata.framework/Versions/A/Metadata
0x000000002a5b9000 	/System/Library/Frameworks/CoreServices.framework/Versions/A/Frameworks/OSServices.framework/Versions/A/OSServices
0x000000002a5b9000 	/System/Library/Frameworks/CoreServices.framework/Versions/A/Frameworks/SearchKit.framework/Versions/A/SearchKit
0x000000002a5b9000 	/System/Library/Frameworks/CoreServices.framework/Versions/A/Frameworks/AE.framework/Versions/A/AE
0x000000002a5b9000 	/System/Library/Frameworks/CoreServices.framework/Versions/A/Frameworks/LaunchServices.framework/Versions/A/LaunchServices
0x000000002a5b9000 	/System/Library/Frameworks/CoreServices.framework/Versions/A/Frameworks/DictionaryServices.framework/Versions/A/DictionaryServices
0x000000002a5b9000 	/System/Library/Frameworks/CoreServices.framework/Versions/A/Frameworks/SharedFileList.framework/Versions/A/SharedFileList
0x000000002a5b9000 	/System/Library/Frameworks/NetFS.framework/Versions/A/NetFS
0x000000002a5b9000 	/System/Library/PrivateFrameworks/NetAuth.framework/Versions/A/NetAuth
0x000000002a5b9000 	/System/Library/PrivateFrameworks/login.framework/Versions/A/Frameworks/loginsupport.framework/Versions/A/loginsupport
0x000000002a5b9000 	/System/Library/PrivateFrameworks/TCC.framework/Versions/A/TCC
0x000000002a5b9000 	/usr/lib/libmecabra.dylib
0x000000002a5b9000 	/System/Library/Frameworks/ApplicationServices.framework/Versions/A/Frameworks/ATS.framework/Versions/A/ATS
0x000000002a5b9000 	/System/Library/Frameworks/ApplicationServices.framework/Versions/A/Frameworks/ColorSyncLegacy.framework/Versions/A/ColorSyncLegacy
0x000000002a5b9000 	/System/Library/Frameworks/ApplicationServices.framework/Versions/A/Frameworks/HIServices.framework/Versions/A/HIServices
0x000000002a5b9000 	/System/Library/Frameworks/ApplicationServices.framework/Versions/A/Frameworks/LangAnalysis.framework/Versions/A/LangAnalysis
0x000000002a5b9000 	/System/Library/Frameworks/ApplicationServices.framework/Versions/A/Frameworks/PrintCore.framework/Versions/A/PrintCore
0x000000002a5b9000 	/System/Library/Frameworks/ApplicationServices.framework/Versions/A/Frameworks/QD.framework/Versions/A/QD
0x000000002a5b9000 	/System/Library/Frameworks/ApplicationServices.framework/Versions/A/Frameworks/SpeechSynthesis.framework/Versions/A/SpeechSynthesis
0x000000002a5b9000 	/System/Library/Frameworks/CoreDisplay.framework/Versions/A/CoreDisplay
0x000000002a5b9000 	/System/Library/Frameworks/Accelerate.framework/Versions/A/Frameworks/vImage.framework/Versions/A/vImage
0x000000002a5b9000 	/System/Library/Frameworks/Accelerate.framework/Versions/A/Frameworks/vecLib.framework/Versions/A/vecLib
0x000000002a5b9000 	/System/Library/Frameworks/Accelerate.framework/Versions/A/Frameworks/vecLib.framework/Versions/A/libvDSP.dylib
0x000000002a5b9000 	/System/Library/Frameworks/Accelerate.framework/Versions/A/Frameworks/vecLib.framework/Versions/A/libBNNS.dylib
0x000000002a5b9000 	/System/Library/Frameworks/Accelerate.framework/Versions/A/Frameworks/vecLib.framework/Versions/A/libQuadrature.dylib
0x000000002a5b9000 	/System/Library/Frameworks/Accelerate.framework/Versions/A/Frameworks/vecLib.framework/Versions/A/libvMisc.dylib
0x000000002a5b9000 	/System/Library/Frameworks/Accelerate.framework/Versions/A/Frameworks/vecLib.framework/Versions/A/libLAPACK.dylib
0x000000002a5b9000 	/System/Library/Frameworks/Accelerate.framework/Versions/A/Frameworks/vecLib.framework/Versions/A/libBLAS.dylib
0x000000002a5b9000 	/System/Library/Frameworks/Accelerate.framework/Versions/A/Frameworks/vecLib.framework/Versions/A/libLinearAlgebra.dylib
0x000000002a5b9000 	/System/Library/Frameworks/Accelerate.framework/Versions/A/Frameworks/vecLib.framework/Versions/A/libSparse.dylib
0x000000002a5b9000 	/System/Library/Frameworks/Accelerate.framework/Versions/A/Frameworks/vecLib.framework/Versions/A/libSparseBLAS.dylib
0x000000002a5b9000 	/System/Library/PrivateFrameworks/GPUWrangler.framework/Versions/A/GPUWrangler
0x000000002a5b9000 	/System/Library/PrivateFrameworks/IOAccelerator.framework/Versions/A/IOAccelerator
0x000000002a5b9000 	/System/Library/PrivateFrameworks/IOPresentment.framework/Versions/A/IOPresentment
0x000000002a5b9000 	/System/Library/PrivateFrameworks/DSExternalDisplay.framework/Versions/A/DSExternalDisplay
0x000000002a5b9000 	/System/Library/Frameworks/OpenGL.framework/Versions/A/Libraries/libCoreFSCache.dylib
0x000000002a5b9000 	/System/Library/Frameworks/CoreVideo.framework/Versions/A/CoreVideo
0x000000002a5b9000 	/System/Library/PrivateFrameworks/GraphVisualizer.framework/Versions/A/GraphVisualizer
0x000000002a5b9000 	/System/Library/Frameworks/MetalPerformanceShaders.framework/Versions/A/MetalPerformanceShaders
0x000000002a5b9000 	/usr/lib/libFosl_dynamic.dylib
0x000000002a5b9000 	/System/Library/PrivateFrameworks/FaceCore.framework/Versions/A/FaceCore
0x000000002a5b9000 	/System/Library/Frameworks/OpenCL.framework/Versions/A/OpenCL
0x000000002a5b9000 	/usr/lib/libcompression.dylib
0x000000002a5b9000 	/System/Library/Frameworks/ApplicationServices.framework/Versions/A/Frameworks/ATS.framework/Versions/A/Resources/libFontParser.dylib
0x000000002a5b9000 	/System/Library/Frameworks/ApplicationServices.framework/Versions/A/Frameworks/ATS.framework/Versions/A/Resources/libFontRegistry.dylib
0x000000002a5b9000 	/System/Library/Frameworks/ImageIO.framework/Versions/A/Resources/libJPEG.dylib
0x000000002a5b9000 	/System/Library/Frameworks/ImageIO.framework/Versions/A/Resources/libTIFF.dylib
0x000000002a5b9000 	/System/Library/Frameworks/ImageIO.framework/Versions/A/Resources/libPng.dylib
0x000000002a5b9000 	/System/Library/Frameworks/ImageIO.framework/Versions/A/Resources/libGIF.dylib
0x000000002a5b9000 	/System/Library/Frameworks/ImageIO.framework/Versions/A/Resources/libJP2.dylib
0x000000002a5b9000 	/System/Library/Frameworks/ImageIO.framework/Versions/A/Resources/libRadiance.dylib
0x000000002a5b9000 	/System/Library/PrivateFrameworks/AppleJPEG.framework/Versions/A/AppleJPEG
0x000000002a5b9000 	/System/Library/Frameworks/MetalPerformanceShaders.framework/Frameworks/MPSCore.framework/Versions/A/MPSCore
0x000000002a5b9000 	/System/Library/Frameworks/MetalPerformanceShaders.framework/Frameworks/MPSImage.framework/Versions/A/MPSImage
0x000000002a5b9000 	/System/Library/Frameworks/MetalPerformanceShaders.framework/Frameworks/MPSNeuralNetwork.framework/Versions/A/MPSNeuralNetwork
0x000000002a5b9000 	/System/Library/Frameworks/MetalPerformanceShaders.framework/Frameworks/MPSMatrix.framework/Versions/A/MPSMatrix
0x000000002a5b9000 	/System/Library/PrivateFrameworks/MetalTools.framework/Versions/A/MetalTools
0x000000002a5b9000 	/System/Library/Frameworks/OpenGL.framework/Versions/A/Libraries/libGLU.dylib
0x000000002a5b9000 	/System/Library/Frameworks/OpenGL.framework/Versions/A/Libraries/libGFXShared.dylib
0x000000002a5b9000 	/System/Library/Frameworks/OpenGL.framework/Versions/A/Libraries/libGL.dylib
0x000000002a5b9000 	/System/Library/Frameworks/OpenGL.framework/Versions/A/Libraries/libGLImage.dylib
0x000000002a5b9000 	/System/Library/Frameworks/OpenGL.framework/Versions/A/Libraries/libCVMSPluginSupport.dylib
0x000000002a5b9000 	/System/Library/Frameworks/OpenGL.framework/Versions/A/Libraries/libCoreVMClient.dylib
0x000000002a5b9000 	/usr/lib/libcups.2.dylib
0x000000002a5b9000 	/System/Library/Frameworks/Kerberos.framework/Versions/A/Kerberos
0x000000002a5b9000 	/System/Library/Frameworks/GSS.framework/Versions/A/GSS
0x000000002a5b9000 	/usr/lib/libresolv.9.dylib
0x000000002a5b9000 	/usr/lib/libiconv.2.dylib
0x000000002a5b9000 	/System/Library/PrivateFrameworks/Heimdal.framework/Versions/A/Heimdal
0x000000002a5b9000 	/usr/lib/libheimdal-asn1.dylib
0x000000002a5b9000 	/System/Library/Frameworks/OpenDirectory.framework/Versions/A/OpenDirectory
0x000000002a5b9000 	/System/Library/PrivateFrameworks/CommonAuth.framework/Versions/A/CommonAuth
0x000000002a5b9000 	/System/Library/Frameworks/OpenDirectory.framework/Versions/A/Frameworks/CFOpenDirectory.framework/Versions/A/CFOpenDirectory
0x000000002a5b9000 	/System/Library/Frameworks/SecurityFoundation.framework/Versions/A/SecurityFoundation
0x000000002a5b9000 	/System/Library/PrivateFrameworks/APFS.framework/Versions/A/APFS
0x000000002a5b9000 	/usr/lib/libutil.dylib
0x000000002a5b9000 	/System/Library/PrivateFrameworks/AppleSauce.framework/Versions/A/AppleSauce
0x000000002a5b9000 	/System/Library/PrivateFrameworks/LinguisticData.framework/Versions/A/LinguisticData
0x000000002a5b9000 	/usr/lib/libmarisa.dylib
0x000000002a5b9000 	/System/Library/PrivateFrameworks/Lexicon.framework/Versions/A/Lexicon
0x000000002a5b9000 	/usr/lib/libChineseTokenizer.dylib
0x000000002a5b9000 	/usr/lib/libcmph.dylib
0x000000002a5b9000 	/System/Library/PrivateFrameworks/LanguageModeling.framework/Versions/A/LanguageModeling
0x000000002a5b9000 	/System/Library/PrivateFrameworks/CoreEmoji.framework/Versions/A/CoreEmoji
0x000000002a5b9000 	/System/Library/Frameworks/ServiceManagement.framework/Versions/A/ServiceManagement
0x000000002a5b9000 	/System/Library/PrivateFrameworks/BackgroundTaskManagement.framework/Versions/A/BackgroundTaskManagement
0x000000002a5b9000 	/usr/lib/libxslt.1.dylib
0x000000002a5b9000 	/System/Library/Frameworks/Carbon.framework/Versions/A/Frameworks/Ink.framework/Versions/A/Ink
0x000000002a5b9000 	/System/Library/PrivateFrameworks/TextureIO.framework/Versions/A/TextureIO
0x000000002a5b9000 	/usr/lib/libate.dylib
0x000000002a5b9000 	/System/Library/PrivateFrameworks/CrashReporterSupport.framework/Versions/A/CrashReporterSupport
0x000000002a5b9000 	/System/Library/PrivateFrameworks/Sharing.framework/Versions/A/Sharing
0x000000002a5b9000 	/System/Library/PrivateFrameworks/IconServices.framework/Versions/A/IconServices
0x000000002a5b9000 	/System/Library/PrivateFrameworks/AuthKit.framework/Versions/A/AuthKit
0x000000002a5b9000 	/System/Library/PrivateFrameworks/Apple80211.framework/Versions/A/Apple80211
0x000000002a5b9000 	/System/Library/PrivateFrameworks/CoreUtils.framework/Versions/A/CoreUtils
0x000000002a5b9000 	/System/Library/Frameworks/CoreWLAN.framework/Versions/A/CoreWLAN
0x000000002a5b9000 	/System/Library/Frameworks/IOBluetooth.framework/Versions/A/IOBluetooth
0x000000002a5b9000 	/System/Library/PrivateFrameworks/ProtocolBuffer.framework/Versions/A/ProtocolBuffer
0x000000002a5b9000 	/System/Library/PrivateFrameworks/MobileKeyBag.framework/Versions/A/MobileKeyBag
0x000000002a5b9000 	/System/Library/PrivateFrameworks/CorePhoneNumbers.framework/Versions/A/CorePhoneNumbers
0x000000002a5b9000 	/System/Library/PrivateFrameworks/AppleIDAuthSupport.framework/Versions/A/AppleIDAuthSupport
0x000000002a5b9000 	/System/Library/PrivateFrameworks/KeychainCircle.framework/Versions/A/KeychainCircle
0x000000002a5b9000 	/System/Library/PrivateFrameworks/CoreWiFi.framework/Versions/A/CoreWiFi
0x000000002a5b9000 	/System/Library/Frameworks/CoreBluetooth.framework/Versions/A/CoreBluetooth
0x000000002a5b9000 	/System/Library/PrivateFrameworks/DebugSymbols.framework/Versions/A/DebugSymbols
0x000000002a5b9000 	/System/Library/PrivateFrameworks/CoreSymbolication.framework/Versions/A/CoreSymbolication
0x000000002a5b9000 	/System/Library/PrivateFrameworks/Symbolication.framework/Versions/A/Symbolication
0x000000002a5b9000 	/System/Library/PrivateFrameworks/AppleFSCompression.framework/Versions/A/AppleFSCompression
0x000000002a5b9000 	/System/Library/PrivateFrameworks/SpeechRecognitionCore.framework/Versions/A/SpeechRecognitionCore
0x000000010ea00000 	/Library/Java/JavaVirtualMachines/jdk1.8.0_161.jdk/Contents/Home/jre/lib/server/libjvm.dylib
0x000000002a5b9000 	/usr/lib/libstdc++.6.0.9.dylib
0x000000010d986000 	/Library/Java/JavaVirtualMachines/jdk1.8.0_161.jdk/Contents/Home/jre/lib/libverify.dylib
0x000000010d994000 	/Library/Java/JavaVirtualMachines/jdk1.8.0_161.jdk/Contents/Home/jre/lib/libjava.dylib
0x000000010d9d4000 	/Library/Java/JavaVirtualMachines/jdk1.8.0_161.jdk/Contents/Home/jre/lib/libzip.dylib
0x000000010d9e7000 	/Library/Java/JavaVirtualMachines/jdk1.8.0_161.jdk/Contents/Home/jre/lib/libnet.dylib
0x0000000114ad1000 	/Library/Java/JavaVirtualMachines/jdk1.8.0_161.jdk/Contents/Home/jre/lib/libnio.dylib
0x000000012f47e000 	/Library/Java/JavaVirtualMachines/jdk1.8.0_161.jdk/Contents/Home/jre/lib/libmanagement.dylib
0x0000000114b06000 	/private/var/folders/3r/b5lltg4s07scxr112dcjd2200000gq/T/jna-51872214/jna6856402415880035425.tmp
0x000000002a5b9000 	/System/Library/Frameworks/JavaVM.framework/Versions/A/JavaVM
0x000000002a5b9000 	/System/Library/PrivateFrameworks/JavaLaunching.framework/Versions/A/JavaLaunching
0x000000012e37d000 	/Library/Java/JavaVirtualMachines/jdk1.8.0_161.jdk/Contents/Home/jre/lib/libsunec.dylib
0x000000012e3e2000 	/Users/kailuowang/.sbt/1.0/swoval-jni/2529507991109755476-libswoval-files0.dylib
0x000000002a5b9000 	/System/Library/Frameworks/Carbon.framework/Versions/A/Carbon
0x000000002a5b9000 	/System/Library/Frameworks/Carbon.framework/Versions/A/Frameworks/CommonPanels.framework/Versions/A/CommonPanels
0x000000002a5b9000 	/System/Library/Frameworks/Carbon.framework/Versions/A/Frameworks/Help.framework/Versions/A/Help
0x000000002a5b9000 	/System/Library/Frameworks/Carbon.framework/Versions/A/Frameworks/ImageCapture.framework/Versions/A/ImageCapture
0x000000002a5b9000 	/System/Library/Frameworks/Carbon.framework/Versions/A/Frameworks/OpenScripting.framework/Versions/A/OpenScripting
0x000000002a5b9000 	/System/Library/Frameworks/Carbon.framework/Versions/A/Frameworks/Print.framework/Versions/A/Print
0x000000002a5b9000 	/System/Library/Frameworks/Carbon.framework/Versions/A/Frameworks/SecurityHI.framework/Versions/A/SecurityHI

VM Arguments:
jvm_args: -Dfile.encoding=UTF8 -Xms1G -Xmx6G -XX:MaxMetaspaceSize=2G -XX:ReservedCodeCacheSize=250M -XX:+TieredCompilation -XX:-UseGCOverheadLimit -XX:+CMSClassUnloadingEnabled -XX:+UseConcMarkSweepGC 
java_command: /usr/local/Cellar/sbt/1.2.8/libexec/bin/sbt-launch.jar
java_class_path (initial): /usr/local/Cellar/sbt/1.2.8/libexec/bin/sbt-launch.jar
Launcher Type: SUN_STANDARD

Environment Variables:
PATH=/Developer/NVIDIA/CUDA-8.0.61/bin:/Users/kailuowang/bin:/usr/local/bin:/usr/bin:/bin:/usr/sbin:/sbin:/Applications/Wireshark.app/Contents/MacOS
SHELL=/bin/bash

Signal Handlers:
SIGSEGV: [libjvm.dylib+0x5b5439], sa_mask[0]=11111111011111110111111111111111, sa_flags=SA_ONSTACK|SA_RESTART|SA_SIGINFO
SIGBUS: [libjvm.dylib+0x5b5439], sa_mask[0]=11111111011111110111111111111111, sa_flags=SA_RESTART|SA_SIGINFO
SIGFPE: [libjvm.dylib+0x48ae24], sa_mask[0]=11111111011111110111111111111111, sa_flags=SA_RESTART|SA_SIGINFO
SIGPIPE: [libjvm.dylib+0x48ae24], sa_mask[0]=11111111011111110111111111111111, sa_flags=SA_RESTART|SA_SIGINFO
SIGXFSZ: [libjvm.dylib+0x48ae24], sa_mask[0]=11111111011111110111111111111111, sa_flags=SA_RESTART|SA_SIGINFO
SIGILL: [libjvm.dylib+0x48ae24], sa_mask[0]=11111111011111110111111111111111, sa_flags=SA_RESTART|SA_SIGINFO
SIGUSR1: SIG_DFL, sa_mask[0]=11011111011111100000000111000110, sa_flags=none
SIGUSR2: [libjvm.dylib+0x48a942], sa_mask[0]=00000000000000000000000000000000, sa_flags=SA_RESTART|SA_SIGINFO
SIGHUP: [libjvm.dylib+0x488f0d], sa_mask[0]=11111111011111110111111111111111, sa_flags=SA_RESTART|SA_SIGINFO
SIGINT: [libjvm.dylib+0x488f0d], sa_mask[0]=11111111011111110111111111111111, sa_flags=SA_RESTART|SA_SIGINFO
SIGTERM: [libjvm.dylib+0x488f0d], sa_mask[0]=11111111011111110111111111111111, sa_flags=SA_RESTART|SA_SIGINFO
SIGQUIT: [libjvm.dylib+0x488f0d], sa_mask[0]=11111111011111110111111111111111, sa_flags=SA_RESTART|SA_SIGINFO


---------------  S Y S T E M  ---------------

OS:Bsduname:Darwin 17.7.0 Darwin Kernel Version 17.7.0: Sun Jun  2 20:31:42 PDT 2019; root:xnu-4570.71.46~1/RELEASE_X86_64 x86_64
rlimit: STACK 8192k, CORE 0k, NPROC 1418, NOFILE 10240, AS infinity
load average:5.54 6.22 5.20

CPU:total 8 (initial active 8) (4 cores per cpu, 2 threads per core) family 6 model 158 stepping 9, cmov, cx8, fxsr, mmx, sse, sse2, sse3, ssse3, sse4.1, sse4.2, popcnt, avx, avx2, aes, clmul, erms, 3dnowpref, lzcnt, ht, tsc, tscinvbit, bmi1, bmi2, adx

Memory: 4k page, physical 16777216k(406068k free)

/proc/meminfo:


vm_info: Java HotSpot(TM) 64-Bit Server VM (25.161-b12) for bsd-amd64 JRE (1.8.0_161-b12), built on Dec 19 2017 16:22:20 by "java_re" with gcc 4.2.1 (Based on Apple Inc. build 5658) (LLVM build 2336.11.00)

time: Thu Oct 17 11:51:42 2019
elapsed time: 8652 seconds (0d 2h 24m 12s)

